[0m2021.01.31 18:20:26 INFO  Started: Metals version 0.9.10 in workspace '/Users/yaoqiang/workspace/se/playground/code/cake-pattern' for client vscode 1.52.1.[0m
[0m2021.01.31 18:20:31 INFO  time: initialize in 4.43s[0m
[0m2021.01.31 18:20:32 WARN  Build server is not auto-connectable.[0m
[0m2021.01.31 18:20:40 INFO  no build target: using presentation compiler with only scala-library[0m
[0m2021.01.31 18:20:43 WARN  no build target for: /Users/yaoqiang/workspace/se/playground/code/cake-pattern/src/main/scala/example/Hello.scala[0m
1月 31, 2021 6:20:43 下午 org.eclipse.lsp4j.jsonrpc.RemoteEndpoint handleCancellation
警告: Unmatched cancel notification for request id 2
1月 31, 2021 6:20:44 下午 org.eclipse.lsp4j.jsonrpc.RemoteEndpoint handleCancellation
警告: Unmatched cancel notification for request id 6
1月 31, 2021 6:20:44 下午 org.eclipse.lsp4j.jsonrpc.RemoteEndpoint handleCancellation
警告: Unmatched cancel notification for request id 8
1月 31, 2021 6:20:44 下午 org.eclipse.lsp4j.jsonrpc.RemoteEndpoint handleCancellation
警告: Unmatched cancel notification for request id 4
[0m2021.01.31 18:20:44 INFO  running '/Users/yaoqiang/.jenv/versions/openjdk64-11.0.9.1/bin/java -Djline.terminal=jline.UnsupportedTerminal -Dsbt.log.noformat=true -Dfile.encoding=UTF-8 -jar /var/folders/mt/vh776xl938zcv6g2kgf55db00000gn/T/metals6449280663911118501/sbt-launch.jar -Dbloop.export-jar-classifiers=sources bloopInstall'[0m
[0m2021.01.31 18:20:43 WARN  no build target for: /Users/yaoqiang/workspace/se/playground/code/cake-pattern/project/metals.sbt[0m
[0m2021.01.31 18:20:43 WARN  no build target for: /Users/yaoqiang/workspace/se/playground/code/cake-pattern/project/project/metals.sbt[0m
[0m2021.01.31 18:20:44 WARN  Unable to produce semanticdb for /Users/yaoqiang/workspace/se/playground/code/cake-pattern/project/metals.sbt[0m
[0m2021.01.31 18:20:44 WARN  Unable to produce semanticdb for /Users/yaoqiang/workspace/se/playground/code/cake-pattern/project/project/metals.sbt[0m
[0m2021.01.31 18:20:44 INFO  skipping build import with status 'Started'[0m
[0m2021.01.31 18:20:50 INFO  [info] welcome to sbt 1.4.6 (AdoptOpenJDK Java 11.0.9.1)[0m
[0m2021.01.31 18:20:57 INFO  [info] loading settings for project cake-pattern-build-build from metals.sbt ...[0m
[0m2021.01.31 18:21:00 INFO  [info] loading project definition from /Users/yaoqiang/workspace/se/playground/code/cake-pattern/project/project[0m
[0m2021.01.31 18:21:06 INFO  [info] loading settings for project cake-pattern-build from metals.sbt ...[0m
[0m2021.01.31 18:21:06 INFO  [info] loading project definition from /Users/yaoqiang/workspace/se/playground/code/cake-pattern/project[0m
[0m2021.01.31 18:21:11 INFO  [success] Generated .bloop/cake-pattern-build.json[0m
[0m2021.01.31 18:21:11 INFO  [info] compiling 1 Scala source to /Users/yaoqiang/workspace/se/playground/code/cake-pattern/project/target/scala-2.12/sbt-1.0/classes ...[0m
[0m2021.01.31 18:21:11 INFO  [info] Non-compiled module 'compiler-bridge_2.12' for Scala 2.12.12. Compiling...[0m
[0m2021.01.31 18:21:34 INFO  [info]   Compilation completed in 22.305s.[0m
[0m2021.01.31 18:21:36 INFO  [info] done compiling[0m
[0m2021.01.31 18:21:36 INFO  [success] Total time: 29 s, completed 2021年1月31日 下午6:21:36[0m
[0m2021.01.31 18:21:39 INFO  [info] loading settings for project root from build.sbt ...[0m
[0m2021.01.31 18:21:39 INFO  [info] set current project to cake-pattern (in build file:/Users/yaoqiang/workspace/se/playground/code/cake-pattern/)[0m
[0m2021.01.31 18:21:41 INFO  [success] Generated .bloop/root.json[0m
[0m2021.01.31 18:21:41 INFO  [success] Generated .bloop/root-test.json[0m
[0m2021.01.31 18:21:41 INFO  [success] Total time: 1 s, completed 2021年1月31日 下午6:21:41[0m
[0m2021.01.31 18:21:41 INFO  sbt bloopInstall exit: 0[0m
[0m2021.01.31 18:21:41 INFO  time: ran 'sbt bloopInstall' in 57s[0m
[0m2021.01.31 18:21:41 INFO  Attempting to connect to the build server...[0m
Starting the bsp launcher for bloop...
Opening a bsp server connection with 'bsp --protocol local --socket /var/folders/mt/vh776xl938zcv6g2kgf55db00000gn/T/bsp-launcher4772735481980702609/bsp.socket'...
Waiting for the bsp connection to come up...
Waiting for the bsp connection to come up...
[0m[32m[D][0m Loading 2 projects from '/Users/yaoqiang/workspace/se/playground/code/cake-pattern/.bloop'...
[0m[32m[D][0m Loading project from '/Users/yaoqiang/workspace/se/playground/code/cake-pattern/.bloop/root-test.json'
[0m[32m[D][0m Loading project from '/Users/yaoqiang/workspace/se/playground/code/cake-pattern/.bloop/root.json'
[0m[32m[D][0m Missing analysis file for project 'root'
[0m[32m[D][0m Missing analysis file for project 'root-test'
[0m[32m[D][0m Waiting for a connection at local:///var/folders/mt/vh776xl938zcv6g2kgf55db00000gn/T/bsp-launcher4772735481980702609/bsp.socket...
The server is listening for incoming connections at local:///var/folders/mt/vh776xl938zcv6g2kgf55db00000gn/T/bsp-launcher4772735481980702609/bsp.socket...
Starting thread that pumps stdin and redirects it to the bsp server...
Starting thread that pumps server stdout and redirects it to the client stdout...
[0m2021.01.31 18:21:43 INFO  tracing is disabled for protocol BSP, to enable tracing of incoming and outgoing JSON messages create an empty file at /Users/yaoqiang/Library/Caches/org.scalameta.metals/bsp.trace.json[0m
[0m2021.01.31 18:21:43 INFO  Attempting to connect to the build server...[0m
Starting the bsp launcher for bloop...
Opening a bsp server connection with 'bsp --protocol local --socket /var/folders/mt/vh776xl938zcv6g2kgf55db00000gn/T/bsp-launcher8626672538644998212/bsp.socket'...
Waiting for the bsp connection to come up...
[0m[32m[D][0m Loading workspace settings from bloop.settings.json
[0m[32m[D][0m Waiting for a connection at local:///var/folders/mt/vh776xl938zcv6g2kgf55db00000gn/T/bsp-launcher8626672538644998212/bsp.socket...
The server is listening for incoming connections at local:///var/folders/mt/vh776xl938zcv6g2kgf55db00000gn/T/bsp-launcher8626672538644998212/bsp.socket...
Starting thread that pumps stdin and redirects it to the bsp server...
Starting thread that pumps server stdout and redirects it to the client stdout...
[0m2021.01.31 18:21:43 INFO  tracing is disabled for protocol BSP, to enable tracing of incoming and outgoing JSON messages create an empty file at /Users/yaoqiang/Library/Caches/org.scalameta.metals/bsp.trace.json[0m
[0m2021.01.31 18:21:43 INFO  time: connected to build server in 2.41s[0m
[0m2021.01.31 18:21:43 INFO  Connected to Build server v1.4.6-21-464e4ec4[0m
[0m2021.01.31 18:21:44 INFO  time: imported build in 0.28s[0m
[0m2021.01.31 18:21:55 INFO  time: indexed workspace in 11s[0m
[0m2021.01.31 18:21:56 INFO  compiling root (1 scala source)[0m
[0m2021.01.31 18:21:56 INFO  compiling root (2 scala sources)[0m
1月 31, 2021 6:21:59 下午 org.eclipse.lsp4j.jsonrpc.RemoteEndpoint handleCancellation
警告: Unmatched cancel notification for request id 13
[0m2021.01.31 18:22:02 INFO  Deduplicating compilation of root from bsp client 'Metals 0.9.10' (since 19.051s)[0m
[0m2021.01.31 18:22:02 INFO  compiling root (2 scala sources)[0m
[0m2021.01.31 18:22:06 INFO  compiling root-test (1 scala source)[0m
[0m2021.01.31 18:22:06 INFO  time: compiled root in 3.52s[0m
[0m2021.01.31 18:22:09 INFO  time: compiled root-test in 3.85s[0m
1月 31, 2021 6:23:58 下午 org.eclipse.lsp4j.jsonrpc.RemoteEndpoint handleCancellation
警告: Unmatched cancel notification for request id 172
1月 31, 2021 6:23:58 下午 org.eclipse.lsp4j.jsonrpc.RemoteEndpoint handleCancellation
警告: Unmatched cancel notification for request id 168
1月 31, 2021 6:23:58 下午 org.eclipse.lsp4j.jsonrpc.RemoteEndpoint handleCancellation
警告: Unmatched cancel notification for request id 173
1月 31, 2021 6:23:58 下午 org.eclipse.lsp4j.jsonrpc.RemoteEndpoint handleCancellation
警告: Unmatched cancel notification for request id 175
1月 31, 2021 6:23:58 下午 scala.meta.internal.pc.CompilerAccess retryWithCleanCompiler
信息: compiler crashed due to an error in the Scala compiler, retrying with new compiler instance.
1月 31, 2021 6:23:58 下午 org.eclipse.lsp4j.jsonrpc.RemoteEndpoint handleCancellation
警告: Unmatched cancel notification for request id 177
1月 31, 2021 6:23:59 下午 org.eclipse.lsp4j.jsonrpc.RemoteEndpoint handleCancellation
警告: Unmatched cancel notification for request id 186
1月 31, 2021 6:24:01 下午 scala.meta.internal.pc.CompilerAccess retryWithCleanCompiler
信息: compiler crashed due to an error in the Scala compiler, retrying with new compiler instance.
1月 31, 2021 6:24:01 下午 scala.meta.internal.pc.CompilerAccess handleError
严重: null
java.lang.NullPointerException
	at scala.reflect.internal.Definitions$DefinitionsClass.isByNameParamType(Definitions.scala:419)
	at scala.reflect.internal.TreeInfo.isStableIdent(TreeInfo.scala:140)
	at scala.reflect.internal.TreeInfo.isStableIdentifier(TreeInfo.scala:113)
	at scala.reflect.internal.TreeInfo.isPath(TreeInfo.scala:102)
	at scala.tools.nsc.interactive.Global.stabilizedType(Global.scala:964)
	at scala.tools.nsc.interactive.Global.typedTreeAt(Global.scala:812)
	at scala.meta.internal.pc.SignatureHelpProvider.signatureHelp(SignatureHelpProvider.scala:23)

1月 31, 2021 6:24:02 下午 org.eclipse.lsp4j.jsonrpc.RemoteEndpoint handleCancellation
警告: Unmatched cancel notification for request id 203
[0m2021.01.31 18:24:03 INFO  compiling root (1 scala source)[0m
[0m2021.01.31 18:24:03 INFO  time: compiled root in 0.34s[0m
[0m2021.01.31 18:24:14 INFO  compiling root (1 scala source)[0m
[0m2021.01.31 18:24:14 INFO  time: compiled root in 0.21s[0m
[0m2021.01.31 18:24:36 INFO  compiling root (1 scala source)[0m
[0m2021.01.31 18:24:37 INFO  time: compiled root in 1.15s[0m
[0m2021.01.31 18:24:43 INFO  compiling root (1 scala source)[0m
[0m2021.01.31 18:24:43 INFO  time: compiled root in 0.18s[0m
[0m2021.01.31 18:24:56 INFO  compiling root (1 scala source)[0m
[0m2021.01.31 18:24:56 INFO  time: compiled root in 0.14s[0m
[0m2021.01.31 18:24:58 INFO  compiling root (1 scala source)[0m
[0m2021.01.31 18:24:58 INFO  time: compiled root in 0.16s[0m
[0m2021.01.31 18:25:00 INFO  compiling root (1 scala source)[0m
[0m2021.01.31 18:25:00 INFO  time: compiled root in 0.11s[0m
[0m2021.01.31 18:25:03 INFO  compiling root (1 scala source)[0m
[0m2021.01.31 18:25:03 INFO  time: compiled root in 98ms[0m
[0m2021.01.31 18:25:08 ERROR scalafmt: /Users/yaoqiang/workspace/se/playground/code/cake-pattern/src/main/scala/example/Sample.scala:13: error: expected start of definition
        override c = ???    
                 ^[0m
[0m2021.01.31 18:25:09 INFO  compiling root (1 scala source)[0m
[0m2021.01.31 18:25:09 INFO  time: compiled root in 0.12s[0m
[0m2021.01.31 18:25:10 ERROR scalafmt: /Users/yaoqiang/workspace/se/playground/code/cake-pattern/src/main/scala/example/Sample.scala:13: error: expected start of definition
        override c = ???    
                 ^[0m
[0m2021.01.31 18:26:32 INFO  compiling root (1 scala source)[0m
[0m2021.01.31 18:26:33 INFO  time: compiled root in 1.13s[0m
[0m2021.01.31 18:26:42 INFO  compiling root (1 scala source)[0m
[0m2021.01.31 18:26:43 INFO  time: compiled root in 1.19s[0m
1月 31, 2021 6:26:45 下午 org.eclipse.lsp4j.jsonrpc.RemoteEndpoint handleCancellation
警告: Unmatched cancel notification for request id 429
[0m2021.01.31 18:26:55 INFO  compiling root (1 scala source)[0m
[0m2021.01.31 18:26:56 INFO  time: compiled root in 1.23s[0m
[0m2021.01.31 18:27:18 INFO  compiling root (1 scala source)[0m
[0m2021.01.31 18:27:19 INFO  time: compiled root in 1.04s[0m
[0m2021.01.31 18:27:23 INFO  compiling root (1 scala source)[0m
[0m2021.01.31 18:27:24 INFO  time: compiled root in 1.41s[0m
[0m2021.01.31 18:27:24 INFO  compiling root (1 scala source)[0m
[0m2021.01.31 18:27:24 INFO  time: compiled root in 0.27s[0m
[0m2021.01.31 18:27:37 INFO  compiling root (1 scala source)[0m
[0m2021.01.31 18:27:37 INFO  time: compiled root in 0.88s[0m
1月 31, 2021 6:27:57 下午 scala.meta.internal.pc.completions.Completions completionPosition
严重: null
java.lang.NullPointerException
	at scala.meta.internal.pc.completions.OverrideCompletions$OverrideCompletion.<init>(OverrideCompletions.scala:46)
	at scala.meta.internal.pc.completions.Completions.completionPositionUnsafe(Completions.scala:500)
	at scala.meta.internal.pc.completions.Completions.completionPositionUnsafe$(Completions.scala:409)
	at scala.meta.internal.pc.MetalsGlobal.completionPositionUnsafe(MetalsGlobal.scala:29)
	at scala.meta.internal.pc.completions.Completions.completionPosition(Completions.scala:401)
	at scala.meta.internal.pc.completions.Completions.completionPosition$(Completions.scala:386)
	at scala.meta.internal.pc.MetalsGlobal.completionPosition(MetalsGlobal.scala:29)
	at scala.meta.internal.pc.CompletionProvider.safeCompletionsAt(CompletionProvider.scala:446)
	at scala.meta.internal.pc.CompletionProvider.completions(CompletionProvider.scala:57)
	at scala.meta.internal.pc.ScalaPresentationCompiler.$anonfun$complete$1(ScalaPresentationCompiler.scala:184)
	at scala.meta.internal.pc.CompilerAccess.withSharedCompiler(CompilerAccess.scala:137)
	at scala.meta.internal.pc.CompilerAccess.$anonfun$withInterruptableCompiler$1(CompilerAccess.scala:87)
	at scala.meta.internal.pc.CompilerAccess.$anonfun$onCompilerJobQueue$1(CompilerAccess.scala:197)
	at scala.meta.internal.pc.CompilerJobQueue$Job.run(CompilerJobQueue.scala:103)
	at java.base/java.util.concurrent.ThreadPoolExecutor.runWorker(ThreadPoolExecutor.java:1128)
	at java.base/java.util.concurrent.ThreadPoolExecutor$Worker.run(ThreadPoolExecutor.java:628)
	at java.base/java.lang.Thread.run(Thread.java:834)

[0m2021.01.31 18:27:58 INFO  compiling root (1 scala source)[0m
[0m2021.01.31 18:27:59 INFO  time: compiled root in 1.18s[0m
[0m2021.01.31 18:28:02 INFO  compiling root (1 scala source)[0m
[0m2021.01.31 18:28:02 INFO  time: compiled root in 0.8s[0m
[0m2021.01.31 18:28:09 INFO  compiling root (1 scala source)[0m
[0m2021.01.31 18:28:10 INFO  time: compiled root in 1.09s[0m
[0m2021.01.31 18:28:21 INFO  compiling root (1 scala source)[0m
[0m2021.01.31 18:28:22 INFO  time: compiled root in 1.01s[0m
[0m2021.01.31 18:28:23 INFO  compiling root (1 scala source)[0m
[0m2021.01.31 18:28:25 INFO  time: compiled root in 1.33s[0m
[0m2021.01.31 18:36:55 INFO  compiling root (1 scala source)[0m
[0m2021.01.31 18:36:57 INFO  time: compiled root in 2.41s[0m
[0m2021.01.31 18:36:57 INFO  compiling root (1 scala source)[0m
[0m2021.01.31 18:36:57 INFO  time: compiled root in 0.27s[0m
[0m2021.01.31 18:37:05 INFO  compiling root (1 scala source)[0m
[0m2021.01.31 18:37:05 INFO  time: compiled root in 94ms[0m
[0m2021.01.31 18:37:27 INFO  compiling root (1 scala source)[0m
[0m2021.01.31 18:37:27 INFO  time: compiled root in 0.2s[0m
[0m2021.01.31 18:37:31 INFO  compiling root (1 scala source)[0m
[0m2021.01.31 18:37:31 INFO  time: compiled root in 0.94s[0m
[0m2021.01.31 18:38:29 INFO  compiling root (1 scala source)[0m
[0m2021.01.31 18:38:29 INFO  time: compiled root in 0.23s[0m
[0m2021.01.31 18:38:46 INFO  compiling root (1 scala source)[0m
[0m2021.01.31 18:38:46 INFO  time: compiled root in 98ms[0m
[0m2021.01.31 18:38:46 INFO  compiling root (1 scala source)[0m
[0m2021.01.31 18:38:48 INFO  time: compiled root in 1.4s[0m
[0m2021.01.31 18:40:05 INFO  compiling root (2 scala sources)[0m
[0m2021.01.31 18:40:07 INFO  time: compiled root in 2.1s[0m
1月 31, 2021 6:41:20 下午 org.eclipse.lsp4j.jsonrpc.RemoteEndpoint handleCancellation
警告: Unmatched cancel notification for request id 825
[0m2021.01.31 18:41:21 INFO  compiling root (1 scala source)[0m
[0m2021.01.31 18:41:21 INFO  time: compiled root in 0.92s[0m
[0m2021.01.31 18:41:25 INFO  compiling root (1 scala source)[0m
[0m2021.01.31 18:41:25 INFO  time: compiled root in 0.91s[0m
1月 31, 2021 6:41:40 下午 scala.meta.internal.metals.Docstrings indexSymbol
严重: file:///Users/yaoqiang/workspace/se/playground/code/cake-pattern/src/main/scala/example/Sample.scala
java.nio.file.NoSuchFileException: /Users/yaoqiang/workspace/se/playground/code/cake-pattern/src/main/scala/example/Sample.scala
	at java.base/sun.nio.fs.UnixException.translateToIOException(UnixException.java:92)
	at java.base/sun.nio.fs.UnixException.rethrowAsIOException(UnixException.java:111)
	at java.base/sun.nio.fs.UnixException.rethrowAsIOException(UnixException.java:116)
	at java.base/sun.nio.fs.UnixFileSystemProvider.newByteChannel(UnixFileSystemProvider.java:219)
	at java.base/java.nio.file.Files.newByteChannel(Files.java:370)
	at java.base/java.nio.file.Files.newByteChannel(Files.java:421)
	at java.base/java.nio.file.Files.readAllBytes(Files.java:3205)
	at scala.meta.internal.io.PlatformFileIO$.slurp(PlatformFileIO.scala:45)
	at scala.meta.internal.io.FileIO$.slurp(FileIO.scala:24)
	at scala.meta.internal.mtags.CommonMtagsEnrichments$XtensionAbsolutePath.toInput(CommonMtagsEnrichments.scala:395)
	at scala.meta.internal.metals.Docstrings.indexSymbolDefinition(Docstrings.scala:89)
	at scala.meta.internal.metals.Docstrings.indexSymbol(Docstrings.scala:73)
	at scala.meta.internal.metals.Docstrings.documentation(Docstrings.scala:38)
	at scala.meta.internal.metals.MetalsSymbolSearch.documentation(MetalsSymbolSearch.scala:37)
	at scala.meta.internal.pc.MetalsGlobal.symbolDocumentation(MetalsGlobal.scala:161)
	at scala.meta.internal.pc.CompletionItemResolver.resolve(CompletionItemResolver.scala:16)
	at scala.meta.internal.pc.ScalaPresentationCompiler.$anonfun$completionItemResolve$1(ScalaPresentationCompiler.scala:216)
	at scala.meta.internal.pc.CompilerAccess.withSharedCompiler(CompilerAccess.scala:137)
	at scala.meta.internal.pc.ScalaPresentationCompiler.completionItemResolve(ScalaPresentationCompiler.scala:215)
	at scala.meta.internal.metals.Compilers.$anonfun$completionItemResolve$2(Compilers.scala:259)
	at scala.Option.map(Option.scala:230)
	at scala.meta.internal.metals.Compilers.$anonfun$completionItemResolve$1(Compilers.scala:258)
	at scala.Option.flatMap(Option.scala:271)
	at scala.meta.internal.metals.Compilers.completionItemResolve(Compilers.scala:257)
	at scala.meta.internal.metals.MetalsLanguageServer.$anonfun$completionItemResolve$1(MetalsLanguageServer.scala:1376)
	at scala.meta.internal.metals.CancelTokens$.future(CancelTokens.scala:38)
	at scala.meta.internal.metals.MetalsLanguageServer.completionItemResolve(MetalsLanguageServer.scala:1374)
	at jdk.internal.reflect.GeneratedMethodAccessor17.invoke(Unknown Source)
	at java.base/jdk.internal.reflect.DelegatingMethodAccessorImpl.invoke(DelegatingMethodAccessorImpl.java:43)
	at java.base/java.lang.reflect.Method.invoke(Method.java:566)
	at org.eclipse.lsp4j.jsonrpc.services.GenericEndpoint.lambda$null$0(GenericEndpoint.java:65)
	at org.eclipse.lsp4j.jsonrpc.services.GenericEndpoint.request(GenericEndpoint.java:120)
	at org.eclipse.lsp4j.jsonrpc.RemoteEndpoint.handleRequest(RemoteEndpoint.java:261)
	at org.eclipse.lsp4j.jsonrpc.RemoteEndpoint.consume(RemoteEndpoint.java:190)
	at org.eclipse.lsp4j.jsonrpc.json.StreamMessageProducer.handleMessage(StreamMessageProducer.java:194)
	at org.eclipse.lsp4j.jsonrpc.json.StreamMessageProducer.listen(StreamMessageProducer.java:94)
	at org.eclipse.lsp4j.jsonrpc.json.ConcurrentMessageProcessor.run(ConcurrentMessageProcessor.java:113)
	at java.base/java.util.concurrent.Executors$RunnableAdapter.call(Executors.java:515)
	at java.base/java.util.concurrent.FutureTask.run(FutureTask.java:264)
	at java.base/java.util.concurrent.ThreadPoolExecutor.runWorker(ThreadPoolExecutor.java:1128)
	at java.base/java.util.concurrent.ThreadPoolExecutor$Worker.run(ThreadPoolExecutor.java:628)
	at java.base/java.lang.Thread.run(Thread.java:834)

1月 31, 2021 6:41:40 下午 scala.meta.internal.metals.Docstrings indexSymbol
严重: file:///Users/yaoqiang/workspace/se/playground/code/cake-pattern/src/main/scala/example/Sample.scala
java.nio.file.NoSuchFileException: /Users/yaoqiang/workspace/se/playground/code/cake-pattern/src/main/scala/example/Sample.scala
	at java.base/sun.nio.fs.UnixException.translateToIOException(UnixException.java:92)
	at java.base/sun.nio.fs.UnixException.rethrowAsIOException(UnixException.java:111)
	at java.base/sun.nio.fs.UnixException.rethrowAsIOException(UnixException.java:116)
	at java.base/sun.nio.fs.UnixFileSystemProvider.newByteChannel(UnixFileSystemProvider.java:219)
	at java.base/java.nio.file.Files.newByteChannel(Files.java:370)
	at java.base/java.nio.file.Files.newByteChannel(Files.java:421)
	at java.base/java.nio.file.Files.readAllBytes(Files.java:3205)
	at scala.meta.internal.io.PlatformFileIO$.slurp(PlatformFileIO.scala:45)
	at scala.meta.internal.io.FileIO$.slurp(FileIO.scala:24)
	at scala.meta.internal.mtags.CommonMtagsEnrichments$XtensionAbsolutePath.toInput(CommonMtagsEnrichments.scala:395)
	at scala.meta.internal.metals.Docstrings.indexSymbolDefinition(Docstrings.scala:89)
	at scala.meta.internal.metals.Docstrings.indexSymbol(Docstrings.scala:73)
	at scala.meta.internal.metals.Docstrings.documentation(Docstrings.scala:38)
	at scala.meta.internal.metals.MetalsSymbolSearch.documentation(MetalsSymbolSearch.scala:37)
	at scala.meta.internal.pc.MetalsGlobal.symbolDocumentation(MetalsGlobal.scala:161)
	at scala.meta.internal.pc.CompletionItemResolver.$anonfun$resolve$1(CompletionItemResolver.scala:17)
	at scala.Option.orElse(Option.scala:477)
	at scala.meta.internal.pc.CompletionItemResolver.resolve(CompletionItemResolver.scala:17)
	at scala.meta.internal.pc.ScalaPresentationCompiler.$anonfun$completionItemResolve$1(ScalaPresentationCompiler.scala:216)
	at scala.meta.internal.pc.CompilerAccess.withSharedCompiler(CompilerAccess.scala:137)
	at scala.meta.internal.pc.ScalaPresentationCompiler.completionItemResolve(ScalaPresentationCompiler.scala:215)
	at scala.meta.internal.metals.Compilers.$anonfun$completionItemResolve$2(Compilers.scala:259)
	at scala.Option.map(Option.scala:230)
	at scala.meta.internal.metals.Compilers.$anonfun$completionItemResolve$1(Compilers.scala:258)
	at scala.Option.flatMap(Option.scala:271)
	at scala.meta.internal.metals.Compilers.completionItemResolve(Compilers.scala:257)
	at scala.meta.internal.metals.MetalsLanguageServer.$anonfun$completionItemResolve$1(MetalsLanguageServer.scala:1376)
	at scala.meta.internal.metals.CancelTokens$.future(CancelTokens.scala:38)
	at scala.meta.internal.metals.MetalsLanguageServer.completionItemResolve(MetalsLanguageServer.scala:1374)
	at jdk.internal.reflect.GeneratedMethodAccessor17.invoke(Unknown Source)
	at java.base/jdk.internal.reflect.DelegatingMethodAccessorImpl.invoke(DelegatingMethodAccessorImpl.java:43)
	at java.base/java.lang.reflect.Method.invoke(Method.java:566)
	at org.eclipse.lsp4j.jsonrpc.services.GenericEndpoint.lambda$null$0(GenericEndpoint.java:65)
	at org.eclipse.lsp4j.jsonrpc.services.GenericEndpoint.request(GenericEndpoint.java:120)
	at org.eclipse.lsp4j.jsonrpc.RemoteEndpoint.handleRequest(RemoteEndpoint.java:261)
	at org.eclipse.lsp4j.jsonrpc.RemoteEndpoint.consume(RemoteEndpoint.java:190)
	at org.eclipse.lsp4j.jsonrpc.json.StreamMessageProducer.handleMessage(StreamMessageProducer.java:194)
	at org.eclipse.lsp4j.jsonrpc.json.StreamMessageProducer.listen(StreamMessageProducer.java:94)
	at org.eclipse.lsp4j.jsonrpc.json.ConcurrentMessageProcessor.run(ConcurrentMessageProcessor.java:113)
	at java.base/java.util.concurrent.Executors$RunnableAdapter.call(Executors.java:515)
	at java.base/java.util.concurrent.FutureTask.run(FutureTask.java:264)
	at java.base/java.util.concurrent.ThreadPoolExecutor.runWorker(ThreadPoolExecutor.java:1128)
	at java.base/java.util.concurrent.ThreadPoolExecutor$Worker.run(ThreadPoolExecutor.java:628)
	at java.base/java.lang.Thread.run(Thread.java:834)

[0m2021.01.31 18:41:41 INFO  compiling root (1 scala source)[0m
[0m2021.01.31 18:41:41 INFO  time: compiled root in 0.1s[0m
1月 31, 2021 6:41:43 下午 scala.meta.internal.metals.Docstrings indexSymbol
严重: file:///Users/yaoqiang/workspace/se/playground/code/cake-pattern/src/main/scala/example/Sample.scala
java.nio.file.NoSuchFileException: /Users/yaoqiang/workspace/se/playground/code/cake-pattern/src/main/scala/example/Sample.scala
	at java.base/sun.nio.fs.UnixException.translateToIOException(UnixException.java:92)
	at java.base/sun.nio.fs.UnixException.rethrowAsIOException(UnixException.java:111)
	at java.base/sun.nio.fs.UnixException.rethrowAsIOException(UnixException.java:116)
	at java.base/sun.nio.fs.UnixFileSystemProvider.newByteChannel(UnixFileSystemProvider.java:219)
	at java.base/java.nio.file.Files.newByteChannel(Files.java:370)
	at java.base/java.nio.file.Files.newByteChannel(Files.java:421)
	at java.base/java.nio.file.Files.readAllBytes(Files.java:3205)
	at scala.meta.internal.io.PlatformFileIO$.slurp(PlatformFileIO.scala:45)
	at scala.meta.internal.io.FileIO$.slurp(FileIO.scala:24)
	at scala.meta.internal.mtags.CommonMtagsEnrichments$XtensionAbsolutePath.toInput(CommonMtagsEnrichments.scala:395)
	at scala.meta.internal.metals.Docstrings.indexSymbolDefinition(Docstrings.scala:89)
	at scala.meta.internal.metals.Docstrings.indexSymbol(Docstrings.scala:73)
	at scala.meta.internal.metals.Docstrings.documentation(Docstrings.scala:38)
	at scala.meta.internal.metals.MetalsSymbolSearch.documentation(MetalsSymbolSearch.scala:37)
	at scala.meta.internal.pc.MetalsGlobal.symbolDocumentation(MetalsGlobal.scala:161)
	at scala.meta.internal.pc.Signatures$SignaturePrinter.<init>(Signatures.scala:239)
	at scala.meta.internal.pc.HoverProvider.toHover(HoverProvider.scala:199)
	at scala.meta.internal.pc.HoverProvider.hover(HoverProvider.scala:50)
	at scala.meta.internal.pc.ScalaPresentationCompiler.$anonfun$hover$1(ScalaPresentationCompiler.scala:235)
	at scala.meta.internal.pc.CompilerAccess.withSharedCompiler(CompilerAccess.scala:137)
	at scala.meta.internal.pc.CompilerAccess.$anonfun$withNonInterruptableCompiler$1(CompilerAccess.scala:125)
	at scala.meta.internal.pc.CompilerAccess.$anonfun$onCompilerJobQueue$1(CompilerAccess.scala:197)
	at scala.meta.internal.pc.CompilerJobQueue$Job.run(CompilerJobQueue.scala:103)
	at java.base/java.util.concurrent.ThreadPoolExecutor.runWorker(ThreadPoolExecutor.java:1128)
	at java.base/java.util.concurrent.ThreadPoolExecutor$Worker.run(ThreadPoolExecutor.java:628)
	at java.base/java.lang.Thread.run(Thread.java:834)

1月 31, 2021 6:41:50 下午 scala.meta.internal.metals.Docstrings indexSymbol
严重: file:///Users/yaoqiang/workspace/se/playground/code/cake-pattern/src/main/scala/example/Sample.scala
java.nio.file.NoSuchFileException: /Users/yaoqiang/workspace/se/playground/code/cake-pattern/src/main/scala/example/Sample.scala
	at java.base/sun.nio.fs.UnixException.translateToIOException(UnixException.java:92)
	at java.base/sun.nio.fs.UnixException.rethrowAsIOException(UnixException.java:111)
	at java.base/sun.nio.fs.UnixException.rethrowAsIOException(UnixException.java:116)
	at java.base/sun.nio.fs.UnixFileSystemProvider.newByteChannel(UnixFileSystemProvider.java:219)
	at java.base/java.nio.file.Files.newByteChannel(Files.java:370)
	at java.base/java.nio.file.Files.newByteChannel(Files.java:421)
	at java.base/java.nio.file.Files.readAllBytes(Files.java:3205)
	at scala.meta.internal.io.PlatformFileIO$.slurp(PlatformFileIO.scala:45)
	at scala.meta.internal.io.FileIO$.slurp(FileIO.scala:24)
	at scala.meta.internal.mtags.CommonMtagsEnrichments$XtensionAbsolutePath.toInput(CommonMtagsEnrichments.scala:395)
	at scala.meta.internal.metals.Docstrings.indexSymbolDefinition(Docstrings.scala:89)
	at scala.meta.internal.metals.Docstrings.indexSymbol(Docstrings.scala:73)
	at scala.meta.internal.metals.Docstrings.documentation(Docstrings.scala:38)
	at scala.meta.internal.metals.MetalsSymbolSearch.documentation(MetalsSymbolSearch.scala:37)
	at scala.meta.internal.pc.MetalsGlobal.symbolDocumentation(MetalsGlobal.scala:161)
	at scala.meta.internal.pc.CompletionItemResolver.resolve(CompletionItemResolver.scala:16)
	at scala.meta.internal.pc.ScalaPresentationCompiler.$anonfun$completionItemResolve$1(ScalaPresentationCompiler.scala:216)
	at scala.meta.internal.pc.CompilerAccess.withSharedCompiler(CompilerAccess.scala:137)
	at scala.meta.internal.pc.ScalaPresentationCompiler.completionItemResolve(ScalaPresentationCompiler.scala:215)
	at scala.meta.internal.metals.Compilers.$anonfun$completionItemResolve$2(Compilers.scala:259)
	at scala.Option.map(Option.scala:230)
	at scala.meta.internal.metals.Compilers.$anonfun$completionItemResolve$1(Compilers.scala:258)
	at scala.Option.flatMap(Option.scala:271)
	at scala.meta.internal.metals.Compilers.completionItemResolve(Compilers.scala:257)
	at scala.meta.internal.metals.MetalsLanguageServer.$anonfun$completionItemResolve$1(MetalsLanguageServer.scala:1376)
	at scala.meta.internal.metals.CancelTokens$.future(CancelTokens.scala:38)
	at scala.meta.internal.metals.MetalsLanguageServer.completionItemResolve(MetalsLanguageServer.scala:1374)
	at jdk.internal.reflect.GeneratedMethodAccessor17.invoke(Unknown Source)
	at java.base/jdk.internal.reflect.DelegatingMethodAccessorImpl.invoke(DelegatingMethodAccessorImpl.java:43)
	at java.base/java.lang.reflect.Method.invoke(Method.java:566)
	at org.eclipse.lsp4j.jsonrpc.services.GenericEndpoint.lambda$null$0(GenericEndpoint.java:65)
	at org.eclipse.lsp4j.jsonrpc.services.GenericEndpoint.request(GenericEndpoint.java:120)
	at org.eclipse.lsp4j.jsonrpc.RemoteEndpoint.handleRequest(RemoteEndpoint.java:261)
	at org.eclipse.lsp4j.jsonrpc.RemoteEndpoint.consume(RemoteEndpoint.java:190)
	at org.eclipse.lsp4j.jsonrpc.json.StreamMessageProducer.handleMessage(StreamMessageProducer.java:194)
	at org.eclipse.lsp4j.jsonrpc.json.StreamMessageProducer.listen(StreamMessageProducer.java:94)
	at org.eclipse.lsp4j.jsonrpc.json.ConcurrentMessageProcessor.run(ConcurrentMessageProcessor.java:113)
	at java.base/java.util.concurrent.Executors$RunnableAdapter.call(Executors.java:515)
	at java.base/java.util.concurrent.FutureTask.run(FutureTask.java:264)
	at java.base/java.util.concurrent.ThreadPoolExecutor.runWorker(ThreadPoolExecutor.java:1128)
	at java.base/java.util.concurrent.ThreadPoolExecutor$Worker.run(ThreadPoolExecutor.java:628)
	at java.base/java.lang.Thread.run(Thread.java:834)

1月 31, 2021 6:41:50 下午 scala.meta.internal.metals.Docstrings indexSymbol
严重: file:///Users/yaoqiang/workspace/se/playground/code/cake-pattern/src/main/scala/example/Sample.scala
java.nio.file.NoSuchFileException: /Users/yaoqiang/workspace/se/playground/code/cake-pattern/src/main/scala/example/Sample.scala
	at java.base/sun.nio.fs.UnixException.translateToIOException(UnixException.java:92)
	at java.base/sun.nio.fs.UnixException.rethrowAsIOException(UnixException.java:111)
	at java.base/sun.nio.fs.UnixException.rethrowAsIOException(UnixException.java:116)
	at java.base/sun.nio.fs.UnixFileSystemProvider.newByteChannel(UnixFileSystemProvider.java:219)
	at java.base/java.nio.file.Files.newByteChannel(Files.java:370)
	at java.base/java.nio.file.Files.newByteChannel(Files.java:421)
	at java.base/java.nio.file.Files.readAllBytes(Files.java:3205)
	at scala.meta.internal.io.PlatformFileIO$.slurp(PlatformFileIO.scala:45)
	at scala.meta.internal.io.FileIO$.slurp(FileIO.scala:24)
	at scala.meta.internal.mtags.CommonMtagsEnrichments$XtensionAbsolutePath.toInput(CommonMtagsEnrichments.scala:395)
	at scala.meta.internal.metals.Docstrings.indexSymbolDefinition(Docstrings.scala:89)
	at scala.meta.internal.metals.Docstrings.indexSymbol(Docstrings.scala:73)
	at scala.meta.internal.metals.Docstrings.documentation(Docstrings.scala:38)
	at scala.meta.internal.metals.MetalsSymbolSearch.documentation(MetalsSymbolSearch.scala:37)
	at scala.meta.internal.pc.MetalsGlobal.symbolDocumentation(MetalsGlobal.scala:161)
	at scala.meta.internal.pc.CompletionItemResolver.$anonfun$resolve$1(CompletionItemResolver.scala:17)
	at scala.Option.orElse(Option.scala:477)
	at scala.meta.internal.pc.CompletionItemResolver.resolve(CompletionItemResolver.scala:17)
	at scala.meta.internal.pc.ScalaPresentationCompiler.$anonfun$completionItemResolve$1(ScalaPresentationCompiler.scala:216)
	at scala.meta.internal.pc.CompilerAccess.withSharedCompiler(CompilerAccess.scala:137)
	at scala.meta.internal.pc.ScalaPresentationCompiler.completionItemResolve(ScalaPresentationCompiler.scala:215)
	at scala.meta.internal.metals.Compilers.$anonfun$completionItemResolve$2(Compilers.scala:259)
	at scala.Option.map(Option.scala:230)
	at scala.meta.internal.metals.Compilers.$anonfun$completionItemResolve$1(Compilers.scala:258)
	at scala.Option.flatMap(Option.scala:271)
	at scala.meta.internal.metals.Compilers.completionItemResolve(Compilers.scala:257)
	at scala.meta.internal.metals.MetalsLanguageServer.$anonfun$completionItemResolve$1(MetalsLanguageServer.scala:1376)
	at scala.meta.internal.metals.CancelTokens$.future(CancelTokens.scala:38)
	at scala.meta.internal.metals.MetalsLanguageServer.completionItemResolve(MetalsLanguageServer.scala:1374)
	at jdk.internal.reflect.GeneratedMethodAccessor17.invoke(Unknown Source)
	at java.base/jdk.internal.reflect.DelegatingMethodAccessorImpl.invoke(DelegatingMethodAccessorImpl.java:43)
	at java.base/java.lang.reflect.Method.invoke(Method.java:566)
	at org.eclipse.lsp4j.jsonrpc.services.GenericEndpoint.lambda$null$0(GenericEndpoint.java:65)
	at org.eclipse.lsp4j.jsonrpc.services.GenericEndpoint.request(GenericEndpoint.java:120)
	at org.eclipse.lsp4j.jsonrpc.RemoteEndpoint.handleRequest(RemoteEndpoint.java:261)
	at org.eclipse.lsp4j.jsonrpc.RemoteEndpoint.consume(RemoteEndpoint.java:190)
	at org.eclipse.lsp4j.jsonrpc.json.StreamMessageProducer.handleMessage(StreamMessageProducer.java:194)
	at org.eclipse.lsp4j.jsonrpc.json.StreamMessageProducer.listen(StreamMessageProducer.java:94)
	at org.eclipse.lsp4j.jsonrpc.json.ConcurrentMessageProcessor.run(ConcurrentMessageProcessor.java:113)
	at java.base/java.util.concurrent.Executors$RunnableAdapter.call(Executors.java:515)
	at java.base/java.util.concurrent.FutureTask.run(FutureTask.java:264)
	at java.base/java.util.concurrent.ThreadPoolExecutor.runWorker(ThreadPoolExecutor.java:1128)
	at java.base/java.util.concurrent.ThreadPoolExecutor$Worker.run(ThreadPoolExecutor.java:628)
	at java.base/java.lang.Thread.run(Thread.java:834)

[0m2021.01.31 18:41:50 INFO  compiling root (1 scala source)[0m
[0m2021.01.31 18:41:51 INFO  time: compiled root in 1.26s[0m
1月 31, 2021 6:41:54 下午 scala.meta.internal.metals.Docstrings indexSymbol
严重: file:///Users/yaoqiang/workspace/se/playground/code/cake-pattern/src/main/scala/example/Sample.scala
java.nio.file.NoSuchFileException: /Users/yaoqiang/workspace/se/playground/code/cake-pattern/src/main/scala/example/Sample.scala
	at java.base/sun.nio.fs.UnixException.translateToIOException(UnixException.java:92)
	at java.base/sun.nio.fs.UnixException.rethrowAsIOException(UnixException.java:111)
	at java.base/sun.nio.fs.UnixException.rethrowAsIOException(UnixException.java:116)
	at java.base/sun.nio.fs.UnixFileSystemProvider.newByteChannel(UnixFileSystemProvider.java:219)
	at java.base/java.nio.file.Files.newByteChannel(Files.java:370)
	at java.base/java.nio.file.Files.newByteChannel(Files.java:421)
	at java.base/java.nio.file.Files.readAllBytes(Files.java:3205)
	at scala.meta.internal.io.PlatformFileIO$.slurp(PlatformFileIO.scala:45)
	at scala.meta.internal.io.FileIO$.slurp(FileIO.scala:24)
	at scala.meta.internal.mtags.CommonMtagsEnrichments$XtensionAbsolutePath.toInput(CommonMtagsEnrichments.scala:395)
	at scala.meta.internal.metals.Docstrings.indexSymbolDefinition(Docstrings.scala:89)
	at scala.meta.internal.metals.Docstrings.indexSymbol(Docstrings.scala:73)
	at scala.meta.internal.metals.Docstrings.documentation(Docstrings.scala:38)
	at scala.meta.internal.metals.MetalsSymbolSearch.documentation(MetalsSymbolSearch.scala:37)
	at scala.meta.internal.pc.MetalsGlobal.symbolDocumentation(MetalsGlobal.scala:161)
	at scala.meta.internal.pc.CompletionItemResolver.resolve(CompletionItemResolver.scala:16)
	at scala.meta.internal.pc.ScalaPresentationCompiler.$anonfun$completionItemResolve$1(ScalaPresentationCompiler.scala:216)
	at scala.meta.internal.pc.CompilerAccess.withSharedCompiler(CompilerAccess.scala:137)
	at scala.meta.internal.pc.ScalaPresentationCompiler.completionItemResolve(ScalaPresentationCompiler.scala:215)
	at scala.meta.internal.metals.Compilers.$anonfun$completionItemResolve$2(Compilers.scala:259)
	at scala.Option.map(Option.scala:230)
	at scala.meta.internal.metals.Compilers.$anonfun$completionItemResolve$1(Compilers.scala:258)
	at scala.Option.flatMap(Option.scala:271)
	at scala.meta.internal.metals.Compilers.completionItemResolve(Compilers.scala:257)
	at scala.meta.internal.metals.MetalsLanguageServer.$anonfun$completionItemResolve$1(MetalsLanguageServer.scala:1376)
	at scala.meta.internal.metals.CancelTokens$.future(CancelTokens.scala:38)
	at scala.meta.internal.metals.MetalsLanguageServer.completionItemResolve(MetalsLanguageServer.scala:1374)
	at jdk.internal.reflect.GeneratedMethodAccessor17.invoke(Unknown Source)
	at java.base/jdk.internal.reflect.DelegatingMethodAccessorImpl.invoke(DelegatingMethodAccessorImpl.java:43)
	at java.base/java.lang.reflect.Method.invoke(Method.java:566)
	at org.eclipse.lsp4j.jsonrpc.services.GenericEndpoint.lambda$null$0(GenericEndpoint.java:65)
	at org.eclipse.lsp4j.jsonrpc.services.GenericEndpoint.request(GenericEndpoint.java:120)
	at org.eclipse.lsp4j.jsonrpc.RemoteEndpoint.handleRequest(RemoteEndpoint.java:261)
	at org.eclipse.lsp4j.jsonrpc.RemoteEndpoint.consume(RemoteEndpoint.java:190)
	at org.eclipse.lsp4j.jsonrpc.json.StreamMessageProducer.handleMessage(StreamMessageProducer.java:194)
	at org.eclipse.lsp4j.jsonrpc.json.StreamMessageProducer.listen(StreamMessageProducer.java:94)
	at org.eclipse.lsp4j.jsonrpc.json.ConcurrentMessageProcessor.run(ConcurrentMessageProcessor.java:113)
	at java.base/java.util.concurrent.Executors$RunnableAdapter.call(Executors.java:515)
	at java.base/java.util.concurrent.FutureTask.run(FutureTask.java:264)
	at java.base/java.util.concurrent.ThreadPoolExecutor.runWorker(ThreadPoolExecutor.java:1128)
	at java.base/java.util.concurrent.ThreadPoolExecutor$Worker.run(ThreadPoolExecutor.java:628)
	at java.base/java.lang.Thread.run(Thread.java:834)

[0m2021.01.31 18:42:00 INFO  compiling root (1 scala source)[0m
[0m2021.01.31 18:42:00 INFO  time: compiled root in 0.1s[0m
1月 31, 2021 6:42:15 下午 scala.meta.internal.metals.Docstrings indexSymbol
严重: file:///Users/yaoqiang/workspace/se/playground/code/cake-pattern/src/main/scala/example/Sample.scala
java.nio.file.NoSuchFileException: /Users/yaoqiang/workspace/se/playground/code/cake-pattern/src/main/scala/example/Sample.scala
	at java.base/sun.nio.fs.UnixException.translateToIOException(UnixException.java:92)
	at java.base/sun.nio.fs.UnixException.rethrowAsIOException(UnixException.java:111)
	at java.base/sun.nio.fs.UnixException.rethrowAsIOException(UnixException.java:116)
	at java.base/sun.nio.fs.UnixFileSystemProvider.newByteChannel(UnixFileSystemProvider.java:219)
	at java.base/java.nio.file.Files.newByteChannel(Files.java:370)
	at java.base/java.nio.file.Files.newByteChannel(Files.java:421)
	at java.base/java.nio.file.Files.readAllBytes(Files.java:3205)
	at scala.meta.internal.io.PlatformFileIO$.slurp(PlatformFileIO.scala:45)
	at scala.meta.internal.io.FileIO$.slurp(FileIO.scala:24)
	at scala.meta.internal.mtags.CommonMtagsEnrichments$XtensionAbsolutePath.toInput(CommonMtagsEnrichments.scala:395)
	at scala.meta.internal.metals.Docstrings.indexSymbolDefinition(Docstrings.scala:89)
	at scala.meta.internal.metals.Docstrings.indexSymbol(Docstrings.scala:73)
	at scala.meta.internal.metals.Docstrings.documentation(Docstrings.scala:38)
	at scala.meta.internal.metals.MetalsSymbolSearch.documentation(MetalsSymbolSearch.scala:37)
	at scala.meta.internal.pc.MetalsGlobal.symbolDocumentation(MetalsGlobal.scala:161)
	at scala.meta.internal.pc.CompletionItemResolver.$anonfun$resolve$1(CompletionItemResolver.scala:17)
	at scala.Option.orElse(Option.scala:477)
	at scala.meta.internal.pc.CompletionItemResolver.resolve(CompletionItemResolver.scala:17)
	at scala.meta.internal.pc.ScalaPresentationCompiler.$anonfun$completionItemResolve$1(ScalaPresentationCompiler.scala:216)
	at scala.meta.internal.pc.CompilerAccess.withSharedCompiler(CompilerAccess.scala:137)
	at scala.meta.internal.pc.ScalaPresentationCompiler.completionItemResolve(ScalaPresentationCompiler.scala:215)
	at scala.meta.internal.metals.Compilers.$anonfun$completionItemResolve$2(Compilers.scala:259)
	at scala.Option.map(Option.scala:230)
	at scala.meta.internal.metals.Compilers.$anonfun$completionItemResolve$1(Compilers.scala:258)
	at scala.Option.flatMap(Option.scala:271)
	at scala.meta.internal.metals.Compilers.completionItemResolve(Compilers.scala:257)
	at scala.meta.internal.metals.MetalsLanguageServer.$anonfun$completionItemResolve$1(MetalsLanguageServer.scala:1376)
	at scala.meta.internal.metals.CancelTokens$.future(CancelTokens.scala:38)
	at scala.meta.internal.metals.MetalsLanguageServer.completionItemResolve(MetalsLanguageServer.scala:1374)
	at jdk.internal.reflect.GeneratedMethodAccessor17.invoke(Unknown Source)
	at java.base/jdk.internal.reflect.DelegatingMethodAccessorImpl.invoke(DelegatingMethodAccessorImpl.java:43)
	at java.base/java.lang.reflect.Method.invoke(Method.java:566)
	at org.eclipse.lsp4j.jsonrpc.services.GenericEndpoint.lambda$null$0(GenericEndpoint.java:65)
	at org.eclipse.lsp4j.jsonrpc.services.GenericEndpoint.request(GenericEndpoint.java:120)
	at org.eclipse.lsp4j.jsonrpc.RemoteEndpoint.handleRequest(RemoteEndpoint.java:261)
	at org.eclipse.lsp4j.jsonrpc.RemoteEndpoint.consume(RemoteEndpoint.java:190)
	at org.eclipse.lsp4j.jsonrpc.json.StreamMessageProducer.handleMessage(StreamMessageProducer.java:194)
	at org.eclipse.lsp4j.jsonrpc.json.StreamMessageProducer.listen(StreamMessageProducer.java:94)
	at org.eclipse.lsp4j.jsonrpc.json.ConcurrentMessageProcessor.run(ConcurrentMessageProcessor.java:113)
	at java.base/java.util.concurrent.Executors$RunnableAdapter.call(Executors.java:515)
	at java.base/java.util.concurrent.FutureTask.run(FutureTask.java:264)
	at java.base/java.util.concurrent.ThreadPoolExecutor.runWorker(ThreadPoolExecutor.java:1128)
	at java.base/java.util.concurrent.ThreadPoolExecutor$Worker.run(ThreadPoolExecutor.java:628)
	at java.base/java.lang.Thread.run(Thread.java:834)

[0m2021.01.31 18:42:16 INFO  compiling root (1 scala source)[0m
[0m2021.01.31 18:42:18 INFO  time: compiled root in 2.52s[0m
1月 31, 2021 6:43:06 下午 scala.meta.internal.pc.completions.Completions completionPosition
严重: null
java.lang.NullPointerException
	at scala.meta.internal.pc.completions.OverrideCompletions$OverrideCompletion.<init>(OverrideCompletions.scala:46)
	at scala.meta.internal.pc.completions.Completions.completionPositionUnsafe(Completions.scala:500)
	at scala.meta.internal.pc.completions.Completions.completionPositionUnsafe$(Completions.scala:409)
	at scala.meta.internal.pc.MetalsGlobal.completionPositionUnsafe(MetalsGlobal.scala:29)
	at scala.meta.internal.pc.completions.Completions.completionPosition(Completions.scala:401)
	at scala.meta.internal.pc.completions.Completions.completionPosition$(Completions.scala:386)
	at scala.meta.internal.pc.MetalsGlobal.completionPosition(MetalsGlobal.scala:29)
	at scala.meta.internal.pc.CompletionProvider.safeCompletionsAt(CompletionProvider.scala:446)
	at scala.meta.internal.pc.CompletionProvider.completions(CompletionProvider.scala:57)
	at scala.meta.internal.pc.ScalaPresentationCompiler.$anonfun$complete$1(ScalaPresentationCompiler.scala:184)
	at scala.meta.internal.pc.CompilerAccess.withSharedCompiler(CompilerAccess.scala:137)
	at scala.meta.internal.pc.CompilerAccess.$anonfun$withInterruptableCompiler$1(CompilerAccess.scala:87)
	at scala.meta.internal.pc.CompilerAccess.$anonfun$onCompilerJobQueue$1(CompilerAccess.scala:197)
	at scala.meta.internal.pc.CompilerJobQueue$Job.run(CompilerJobQueue.scala:103)
	at java.base/java.util.concurrent.ThreadPoolExecutor.runWorker(ThreadPoolExecutor.java:1128)
	at java.base/java.util.concurrent.ThreadPoolExecutor$Worker.run(ThreadPoolExecutor.java:628)
	at java.base/java.lang.Thread.run(Thread.java:834)

1月 31, 2021 6:43:06 下午 scala.meta.internal.pc.completions.Completions completionPosition
严重: null
java.lang.NullPointerException
	at scala.meta.internal.pc.completions.OverrideCompletions$OverrideCompletion.<init>(OverrideCompletions.scala:46)
	at scala.meta.internal.pc.completions.Completions.completionPositionUnsafe(Completions.scala:500)
	at scala.meta.internal.pc.completions.Completions.completionPositionUnsafe$(Completions.scala:409)
	at scala.meta.internal.pc.MetalsGlobal.completionPositionUnsafe(MetalsGlobal.scala:29)
	at scala.meta.internal.pc.completions.Completions.completionPosition(Completions.scala:401)
	at scala.meta.internal.pc.completions.Completions.completionPosition$(Completions.scala:386)
	at scala.meta.internal.pc.MetalsGlobal.completionPosition(MetalsGlobal.scala:29)
	at scala.meta.internal.pc.CompletionProvider.safeCompletionsAt(CompletionProvider.scala:446)
	at scala.meta.internal.pc.CompletionProvider.completions(CompletionProvider.scala:57)
	at scala.meta.internal.pc.ScalaPresentationCompiler.$anonfun$complete$1(ScalaPresentationCompiler.scala:184)
	at scala.meta.internal.pc.CompilerAccess.withSharedCompiler(CompilerAccess.scala:137)
	at scala.meta.internal.pc.CompilerAccess.$anonfun$withInterruptableCompiler$1(CompilerAccess.scala:87)
	at scala.meta.internal.pc.CompilerAccess.$anonfun$onCompilerJobQueue$1(CompilerAccess.scala:197)
	at scala.meta.internal.pc.CompilerJobQueue$Job.run(CompilerJobQueue.scala:103)
	at java.base/java.util.concurrent.ThreadPoolExecutor.runWorker(ThreadPoolExecutor.java:1128)
	at java.base/java.util.concurrent.ThreadPoolExecutor$Worker.run(ThreadPoolExecutor.java:628)
	at java.base/java.lang.Thread.run(Thread.java:834)

1月 31, 2021 6:43:06 下午 scala.meta.internal.metals.Docstrings indexSymbol
严重: file:///Users/yaoqiang/workspace/se/playground/code/cake-pattern/src/main/scala/example/Sample.scala
java.nio.file.NoSuchFileException: /Users/yaoqiang/workspace/se/playground/code/cake-pattern/src/main/scala/example/Sample.scala
	at java.base/sun.nio.fs.UnixException.translateToIOException(UnixException.java:92)
	at java.base/sun.nio.fs.UnixException.rethrowAsIOException(UnixException.java:111)
	at java.base/sun.nio.fs.UnixException.rethrowAsIOException(UnixException.java:116)
	at java.base/sun.nio.fs.UnixFileSystemProvider.newByteChannel(UnixFileSystemProvider.java:219)
	at java.base/java.nio.file.Files.newByteChannel(Files.java:370)
	at java.base/java.nio.file.Files.newByteChannel(Files.java:421)
	at java.base/java.nio.file.Files.readAllBytes(Files.java:3205)
	at scala.meta.internal.io.PlatformFileIO$.slurp(PlatformFileIO.scala:45)
	at scala.meta.internal.io.FileIO$.slurp(FileIO.scala:24)
	at scala.meta.internal.mtags.CommonMtagsEnrichments$XtensionAbsolutePath.toInput(CommonMtagsEnrichments.scala:395)
	at scala.meta.internal.metals.Docstrings.indexSymbolDefinition(Docstrings.scala:89)
	at scala.meta.internal.metals.Docstrings.indexSymbol(Docstrings.scala:73)
	at scala.meta.internal.metals.Docstrings.documentation(Docstrings.scala:38)
	at scala.meta.internal.metals.MetalsSymbolSearch.documentation(MetalsSymbolSearch.scala:37)
	at scala.meta.internal.pc.MetalsGlobal.symbolDocumentation(MetalsGlobal.scala:161)
	at scala.meta.internal.pc.CompletionItemResolver.$anonfun$resolve$1(CompletionItemResolver.scala:17)
	at scala.Option.orElse(Option.scala:477)
	at scala.meta.internal.pc.CompletionItemResolver.resolve(CompletionItemResolver.scala:17)
	at scala.meta.internal.pc.ScalaPresentationCompiler.$anonfun$completionItemResolve$1(ScalaPresentationCompiler.scala:216)
	at scala.meta.internal.pc.CompilerAccess.withSharedCompiler(CompilerAccess.scala:137)
	at scala.meta.internal.pc.ScalaPresentationCompiler.completionItemResolve(ScalaPresentationCompiler.scala:215)
	at scala.meta.internal.metals.Compilers.$anonfun$completionItemResolve$2(Compilers.scala:259)
	at scala.Option.map(Option.scala:230)
	at scala.meta.internal.metals.Compilers.$anonfun$completionItemResolve$1(Compilers.scala:258)
	at scala.Option.flatMap(Option.scala:271)
	at scala.meta.internal.metals.Compilers.completionItemResolve(Compilers.scala:257)
	at scala.meta.internal.metals.MetalsLanguageServer.$anonfun$completionItemResolve$1(MetalsLanguageServer.scala:1376)
	at scala.meta.internal.metals.CancelTokens$.future(CancelTokens.scala:38)
	at scala.meta.internal.metals.MetalsLanguageServer.completionItemResolve(MetalsLanguageServer.scala:1374)
	at jdk.internal.reflect.GeneratedMethodAccessor17.invoke(Unknown Source)
	at java.base/jdk.internal.reflect.DelegatingMethodAccessorImpl.invoke(DelegatingMethodAccessorImpl.java:43)
	at java.base/java.lang.reflect.Method.invoke(Method.java:566)
	at org.eclipse.lsp4j.jsonrpc.services.GenericEndpoint.lambda$null$0(GenericEndpoint.java:65)
	at org.eclipse.lsp4j.jsonrpc.services.GenericEndpoint.request(GenericEndpoint.java:120)
	at org.eclipse.lsp4j.jsonrpc.RemoteEndpoint.handleRequest(RemoteEndpoint.java:261)
	at org.eclipse.lsp4j.jsonrpc.RemoteEndpoint.consume(RemoteEndpoint.java:190)
	at org.eclipse.lsp4j.jsonrpc.json.StreamMessageProducer.handleMessage(StreamMessageProducer.java:194)
	at org.eclipse.lsp4j.jsonrpc.json.StreamMessageProducer.listen(StreamMessageProducer.java:94)
	at org.eclipse.lsp4j.jsonrpc.json.ConcurrentMessageProcessor.run(ConcurrentMessageProcessor.java:113)
	at java.base/java.util.concurrent.Executors$RunnableAdapter.call(Executors.java:515)
	at java.base/java.util.concurrent.FutureTask.run(FutureTask.java:264)
	at java.base/java.util.concurrent.ThreadPoolExecutor.runWorker(ThreadPoolExecutor.java:1128)
	at java.base/java.util.concurrent.ThreadPoolExecutor$Worker.run(ThreadPoolExecutor.java:628)
	at java.base/java.lang.Thread.run(Thread.java:834)

[0m2021.01.31 18:43:07 INFO  compiling root (1 scala source)[0m
[0m2021.01.31 18:43:07 INFO  time: compiled root in 0.13s[0m
[0m2021.01.31 18:43:08 INFO  compiling root (1 scala source)[0m
[0m2021.01.31 18:43:08 INFO  time: compiled root in 0.21s[0m
[0m2021.01.31 18:43:15 INFO  compiling root (1 scala source)[0m
[0m2021.01.31 18:43:15 INFO  time: compiled root in 0.93s[0m
[0m2021.01.31 18:51:33 INFO  compiling root (1 scala source)[0m
[0m2021.01.31 18:51:33 INFO  time: compiled root in 0.1s[0m
[0m2021.01.31 18:51:43 INFO  compiling root (1 scala source)[0m
[0m2021.01.31 18:51:43 INFO  time: compiled root in 0.82s[0m
[0m2021.01.31 18:51:47 INFO  compiling root (1 scala source)[0m
[0m2021.01.31 18:51:48 INFO  time: compiled root in 1.05s[0m
[0m2021.01.31 18:52:36 INFO  compiling root (1 scala source)[0m
[0m2021.01.31 18:52:38 INFO  time: compiled root in 1.21s[0m
1月 31, 2021 6:52:57 下午 scala.meta.internal.metals.Docstrings indexSymbol
严重: file:///Users/yaoqiang/workspace/se/playground/code/cake-pattern/src/main/scala/example/Sample.scala
java.nio.file.NoSuchFileException: /Users/yaoqiang/workspace/se/playground/code/cake-pattern/src/main/scala/example/Sample.scala
	at java.base/sun.nio.fs.UnixException.translateToIOException(UnixException.java:92)
	at java.base/sun.nio.fs.UnixException.rethrowAsIOException(UnixException.java:111)
	at java.base/sun.nio.fs.UnixException.rethrowAsIOException(UnixException.java:116)
	at java.base/sun.nio.fs.UnixFileSystemProvider.newByteChannel(UnixFileSystemProvider.java:219)
	at java.base/java.nio.file.Files.newByteChannel(Files.java:370)
	at java.base/java.nio.file.Files.newByteChannel(Files.java:421)
	at java.base/java.nio.file.Files.readAllBytes(Files.java:3205)
	at scala.meta.internal.io.PlatformFileIO$.slurp(PlatformFileIO.scala:45)
	at scala.meta.internal.io.FileIO$.slurp(FileIO.scala:24)
	at scala.meta.internal.mtags.CommonMtagsEnrichments$XtensionAbsolutePath.toInput(CommonMtagsEnrichments.scala:395)
	at scala.meta.internal.metals.Docstrings.indexSymbolDefinition(Docstrings.scala:89)
	at scala.meta.internal.metals.Docstrings.indexSymbol(Docstrings.scala:73)
	at scala.meta.internal.metals.Docstrings.documentation(Docstrings.scala:38)
	at scala.meta.internal.metals.MetalsSymbolSearch.documentation(MetalsSymbolSearch.scala:37)
	at scala.meta.internal.pc.MetalsGlobal.symbolDocumentation(MetalsGlobal.scala:161)
	at scala.meta.internal.pc.CompletionItemResolver.resolve(CompletionItemResolver.scala:16)
	at scala.meta.internal.pc.ScalaPresentationCompiler.$anonfun$completionItemResolve$1(ScalaPresentationCompiler.scala:216)
	at scala.meta.internal.pc.CompilerAccess.withSharedCompiler(CompilerAccess.scala:137)
	at scala.meta.internal.pc.ScalaPresentationCompiler.completionItemResolve(ScalaPresentationCompiler.scala:215)
	at scala.meta.internal.metals.Compilers.$anonfun$completionItemResolve$2(Compilers.scala:259)
	at scala.Option.map(Option.scala:230)
	at scala.meta.internal.metals.Compilers.$anonfun$completionItemResolve$1(Compilers.scala:258)
	at scala.Option.flatMap(Option.scala:271)
	at scala.meta.internal.metals.Compilers.completionItemResolve(Compilers.scala:257)
	at scala.meta.internal.metals.MetalsLanguageServer.$anonfun$completionItemResolve$1(MetalsLanguageServer.scala:1376)
	at scala.meta.internal.metals.CancelTokens$.future(CancelTokens.scala:38)
	at scala.meta.internal.metals.MetalsLanguageServer.completionItemResolve(MetalsLanguageServer.scala:1374)
	at jdk.internal.reflect.GeneratedMethodAccessor17.invoke(Unknown Source)
	at java.base/jdk.internal.reflect.DelegatingMethodAccessorImpl.invoke(DelegatingMethodAccessorImpl.java:43)
	at java.base/java.lang.reflect.Method.invoke(Method.java:566)
	at org.eclipse.lsp4j.jsonrpc.services.GenericEndpoint.lambda$null$0(GenericEndpoint.java:65)
	at org.eclipse.lsp4j.jsonrpc.services.GenericEndpoint.request(GenericEndpoint.java:120)
	at org.eclipse.lsp4j.jsonrpc.RemoteEndpoint.handleRequest(RemoteEndpoint.java:261)
	at org.eclipse.lsp4j.jsonrpc.RemoteEndpoint.consume(RemoteEndpoint.java:190)
	at org.eclipse.lsp4j.jsonrpc.json.StreamMessageProducer.handleMessage(StreamMessageProducer.java:194)
	at org.eclipse.lsp4j.jsonrpc.json.StreamMessageProducer.listen(StreamMessageProducer.java:94)
	at org.eclipse.lsp4j.jsonrpc.json.ConcurrentMessageProcessor.run(ConcurrentMessageProcessor.java:113)
	at java.base/java.util.concurrent.Executors$RunnableAdapter.call(Executors.java:515)
	at java.base/java.util.concurrent.FutureTask.run(FutureTask.java:264)
	at java.base/java.util.concurrent.ThreadPoolExecutor.runWorker(ThreadPoolExecutor.java:1128)
	at java.base/java.util.concurrent.ThreadPoolExecutor$Worker.run(ThreadPoolExecutor.java:628)
	at java.base/java.lang.Thread.run(Thread.java:834)

[0m2021.01.31 18:52:58 INFO  compiling root (1 scala source)[0m
[0m2021.01.31 18:52:59 INFO  time: compiled root in 1.15s[0m
1月 31, 2021 6:55:19 下午 scala.meta.internal.metals.Docstrings indexSymbol
严重: file:///Users/yaoqiang/workspace/se/playground/code/cake-pattern/src/main/scala/example/Sample.scala
java.nio.file.NoSuchFileException: /Users/yaoqiang/workspace/se/playground/code/cake-pattern/src/main/scala/example/Sample.scala
	at java.base/sun.nio.fs.UnixException.translateToIOException(UnixException.java:92)
	at java.base/sun.nio.fs.UnixException.rethrowAsIOException(UnixException.java:111)
	at java.base/sun.nio.fs.UnixException.rethrowAsIOException(UnixException.java:116)
	at java.base/sun.nio.fs.UnixFileSystemProvider.newByteChannel(UnixFileSystemProvider.java:219)
	at java.base/java.nio.file.Files.newByteChannel(Files.java:370)
	at java.base/java.nio.file.Files.newByteChannel(Files.java:421)
	at java.base/java.nio.file.Files.readAllBytes(Files.java:3205)
	at scala.meta.internal.io.PlatformFileIO$.slurp(PlatformFileIO.scala:45)
	at scala.meta.internal.io.FileIO$.slurp(FileIO.scala:24)
	at scala.meta.internal.mtags.CommonMtagsEnrichments$XtensionAbsolutePath.toInput(CommonMtagsEnrichments.scala:395)
	at scala.meta.internal.metals.Docstrings.indexSymbolDefinition(Docstrings.scala:89)
	at scala.meta.internal.metals.Docstrings.indexSymbol(Docstrings.scala:73)
	at scala.meta.internal.metals.Docstrings.documentation(Docstrings.scala:38)
	at scala.meta.internal.metals.MetalsSymbolSearch.documentation(MetalsSymbolSearch.scala:37)
	at scala.meta.internal.pc.MetalsGlobal.symbolDocumentation(MetalsGlobal.scala:161)
	at scala.meta.internal.pc.Signatures$SignaturePrinter.<init>(Signatures.scala:239)
	at scala.meta.internal.pc.HoverProvider.toHover(HoverProvider.scala:199)
	at scala.meta.internal.pc.HoverProvider.hover(HoverProvider.scala:50)
	at scala.meta.internal.pc.ScalaPresentationCompiler.$anonfun$hover$1(ScalaPresentationCompiler.scala:235)
	at scala.meta.internal.pc.CompilerAccess.withSharedCompiler(CompilerAccess.scala:137)
	at scala.meta.internal.pc.CompilerAccess.$anonfun$withNonInterruptableCompiler$1(CompilerAccess.scala:125)
	at scala.meta.internal.pc.CompilerAccess.$anonfun$onCompilerJobQueue$1(CompilerAccess.scala:197)
	at scala.meta.internal.pc.CompilerJobQueue$Job.run(CompilerJobQueue.scala:103)
	at java.base/java.util.concurrent.ThreadPoolExecutor.runWorker(ThreadPoolExecutor.java:1128)
	at java.base/java.util.concurrent.ThreadPoolExecutor$Worker.run(ThreadPoolExecutor.java:628)
	at java.base/java.lang.Thread.run(Thread.java:834)

[0m2021.01.31 18:55:20 INFO  compiling root (1 scala source)[0m
[0m2021.01.31 18:55:20 INFO  time: compiled root in 0.12s[0m
1月 31, 2021 6:55:22 下午 scala.meta.internal.metals.Docstrings indexSymbol
严重: file:///Users/yaoqiang/workspace/se/playground/code/cake-pattern/src/main/scala/example/Sample.scala
java.nio.file.NoSuchFileException: /Users/yaoqiang/workspace/se/playground/code/cake-pattern/src/main/scala/example/Sample.scala
	at java.base/sun.nio.fs.UnixException.translateToIOException(UnixException.java:92)
	at java.base/sun.nio.fs.UnixException.rethrowAsIOException(UnixException.java:111)
	at java.base/sun.nio.fs.UnixException.rethrowAsIOException(UnixException.java:116)
	at java.base/sun.nio.fs.UnixFileSystemProvider.newByteChannel(UnixFileSystemProvider.java:219)
	at java.base/java.nio.file.Files.newByteChannel(Files.java:370)
	at java.base/java.nio.file.Files.newByteChannel(Files.java:421)
	at java.base/java.nio.file.Files.readAllBytes(Files.java:3205)
	at scala.meta.internal.io.PlatformFileIO$.slurp(PlatformFileIO.scala:45)
	at scala.meta.internal.io.FileIO$.slurp(FileIO.scala:24)
	at scala.meta.internal.mtags.CommonMtagsEnrichments$XtensionAbsolutePath.toInput(CommonMtagsEnrichments.scala:395)
	at scala.meta.internal.metals.Docstrings.indexSymbolDefinition(Docstrings.scala:89)
	at scala.meta.internal.metals.Docstrings.indexSymbol(Docstrings.scala:73)
	at scala.meta.internal.metals.Docstrings.documentation(Docstrings.scala:38)
	at scala.meta.internal.metals.MetalsSymbolSearch.documentation(MetalsSymbolSearch.scala:37)
	at scala.meta.internal.pc.MetalsGlobal.symbolDocumentation(MetalsGlobal.scala:161)
	at scala.meta.internal.pc.Signatures$SignaturePrinter.<init>(Signatures.scala:239)
	at scala.meta.internal.pc.HoverProvider.toHover(HoverProvider.scala:199)
	at scala.meta.internal.pc.HoverProvider.hover(HoverProvider.scala:50)
	at scala.meta.internal.pc.ScalaPresentationCompiler.$anonfun$hover$1(ScalaPresentationCompiler.scala:235)
	at scala.meta.internal.pc.CompilerAccess.withSharedCompiler(CompilerAccess.scala:137)
	at scala.meta.internal.pc.CompilerAccess.$anonfun$withNonInterruptableCompiler$1(CompilerAccess.scala:125)
	at scala.meta.internal.pc.CompilerAccess.$anonfun$onCompilerJobQueue$1(CompilerAccess.scala:197)
	at scala.meta.internal.pc.CompilerJobQueue$Job.run(CompilerJobQueue.scala:103)
	at java.base/java.util.concurrent.ThreadPoolExecutor.runWorker(ThreadPoolExecutor.java:1128)
	at java.base/java.util.concurrent.ThreadPoolExecutor$Worker.run(ThreadPoolExecutor.java:628)
	at java.base/java.lang.Thread.run(Thread.java:834)

[0m2021.01.31 18:58:31 INFO  compiling root (1 scala source)[0m
[0m2021.01.31 18:58:31 INFO  time: compiled root in 0.24s[0m
[0m2021.01.31 18:58:35 INFO  compiling root (1 scala source)[0m
1月 31, 2021 6:58:35 下午 scala.meta.internal.metals.Docstrings indexSymbol
严重: file:///Users/yaoqiang/workspace/se/playground/code/cake-pattern/src/main/scala/example/Sample.scala
java.nio.file.NoSuchFileException: /Users/yaoqiang/workspace/se/playground/code/cake-pattern/src/main/scala/example/Sample.scala
	at java.base/sun.nio.fs.UnixException.translateToIOException(UnixException.java:92)
	at java.base/sun.nio.fs.UnixException.rethrowAsIOException(UnixException.java:111)
	at java.base/sun.nio.fs.UnixException.rethrowAsIOException(UnixException.java:116)
	at java.base/sun.nio.fs.UnixFileSystemProvider.newByteChannel(UnixFileSystemProvider.java:219)
	at java.base/java.nio.file.Files.newByteChannel(Files.java:370)
	at java.base/java.nio.file.Files.newByteChannel(Files.java:421)
	at java.base/java.nio.file.Files.readAllBytes(Files.java:3205)
	at scala.meta.internal.io.PlatformFileIO$.slurp(PlatformFileIO.scala:45)
	at scala.meta.internal.io.FileIO$.slurp(FileIO.scala:24)
	at scala.meta.internal.mtags.CommonMtagsEnrichments$XtensionAbsolutePath.toInput(CommonMtagsEnrichments.scala:395)
	at scala.meta.internal.metals.Docstrings.indexSymbolDefinition(Docstrings.scala:89)
	at scala.meta.internal.metals.Docstrings.indexSymbol(Docstrings.scala:73)
	at scala.meta.internal.metals.Docstrings.documentation(Docstrings.scala:38)
	at scala.meta.internal.metals.MetalsSymbolSearch.documentation(MetalsSymbolSearch.scala:37)
	at scala.meta.internal.pc.MetalsGlobal.symbolDocumentation(MetalsGlobal.scala:161)
	at scala.meta.internal.pc.CompletionItemResolver.$anonfun$resolve$1(CompletionItemResolver.scala:17)
	at scala.Option.orElse(Option.scala:477)
	at scala.meta.internal.pc.CompletionItemResolver.resolve(CompletionItemResolver.scala:17)
	at scala.meta.internal.pc.ScalaPresentationCompiler.$anonfun$completionItemResolve$1(ScalaPresentationCompiler.scala:216)
	at scala.meta.internal.pc.CompilerAccess.withSharedCompiler(CompilerAccess.scala:137)
	at scala.meta.internal.pc.ScalaPresentationCompiler.completionItemResolve(ScalaPresentationCompiler.scala:215)
	at scala.meta.internal.metals.Compilers.$anonfun$completionItemResolve$2(Compilers.scala:259)
	at scala.Option.map(Option.scala:230)
	at scala.meta.internal.metals.Compilers.$anonfun$completionItemResolve$1(Compilers.scala:258)
	at scala.Option.flatMap(Option.scala:271)
	at scala.meta.internal.metals.Compilers.completionItemResolve(Compilers.scala:257)
	at scala.meta.internal.metals.MetalsLanguageServer.$anonfun$completionItemResolve$1(MetalsLanguageServer.scala:1376)
	at scala.meta.internal.metals.CancelTokens$.future(CancelTokens.scala:38)
	at scala.meta.internal.metals.MetalsLanguageServer.completionItemResolve(MetalsLanguageServer.scala:1374)
	at jdk.internal.reflect.GeneratedMethodAccessor17.invoke(Unknown Source)
	at java.base/jdk.internal.reflect.DelegatingMethodAccessorImpl.invoke(DelegatingMethodAccessorImpl.java:43)
	at java.base/java.lang.reflect.Method.invoke(Method.java:566)
	at org.eclipse.lsp4j.jsonrpc.services.GenericEndpoint.lambda$null$0(GenericEndpoint.java:65)
	at org.eclipse.lsp4j.jsonrpc.services.GenericEndpoint.request(GenericEndpoint.java:120)
	at org.eclipse.lsp4j.jsonrpc.RemoteEndpoint.handleRequest(RemoteEndpoint.java:261)
	at org.eclipse.lsp4j.jsonrpc.RemoteEndpoint.consume(RemoteEndpoint.java:190)
	at org.eclipse.lsp4j.jsonrpc.json.StreamMessageProducer.handleMessage(StreamMessageProducer.java:194)
	at org.eclipse.lsp4j.jsonrpc.json.StreamMessageProducer.listen(StreamMessageProducer.java:94)
	at org.eclipse.lsp4j.jsonrpc.json.ConcurrentMessageProcessor.run(ConcurrentMessageProcessor.java:113)
	at java.base/java.util.concurrent.Executors$RunnableAdapter.call(Executors.java:515)
	at java.base/java.util.concurrent.FutureTask.run(FutureTask.java:264)
	at java.base/java.util.concurrent.ThreadPoolExecutor.runWorker(ThreadPoolExecutor.java:1128)
	at java.base/java.util.concurrent.ThreadPoolExecutor$Worker.run(ThreadPoolExecutor.java:628)
	at java.base/java.lang.Thread.run(Thread.java:834)

[0m2021.01.31 18:58:37 INFO  time: compiled root in 2s[0m
[0m2021.01.31 20:59:21 INFO  compiling root (1 scala source)[0m
[0m2021.01.31 20:59:21 INFO  time: compiled root in 0.41s[0m
[0m2021.01.31 20:59:28 INFO  compiling root (1 scala source)[0m
[0m2021.01.31 20:59:28 INFO  time: compiled root in 0.11s[0m
[0m2021.01.31 20:59:28 INFO  compiling root (1 scala source)[0m
[0m2021.01.31 20:59:28 INFO  time: compiled root in 60ms[0m
1月 31, 2021 9:00:21 下午 scala.meta.internal.metals.Docstrings indexSymbol
严重: file:///Users/yaoqiang/workspace/se/playground/code/cake-pattern/src/main/scala/example/Sample.scala
java.nio.file.NoSuchFileException: /Users/yaoqiang/workspace/se/playground/code/cake-pattern/src/main/scala/example/Sample.scala
	at java.base/sun.nio.fs.UnixException.translateToIOException(UnixException.java:92)
	at java.base/sun.nio.fs.UnixException.rethrowAsIOException(UnixException.java:111)
	at java.base/sun.nio.fs.UnixException.rethrowAsIOException(UnixException.java:116)
	at java.base/sun.nio.fs.UnixFileSystemProvider.newByteChannel(UnixFileSystemProvider.java:219)
	at java.base/java.nio.file.Files.newByteChannel(Files.java:370)
	at java.base/java.nio.file.Files.newByteChannel(Files.java:421)
	at java.base/java.nio.file.Files.readAllBytes(Files.java:3205)
	at scala.meta.internal.io.PlatformFileIO$.slurp(PlatformFileIO.scala:45)
	at scala.meta.internal.io.FileIO$.slurp(FileIO.scala:24)
	at scala.meta.internal.mtags.CommonMtagsEnrichments$XtensionAbsolutePath.toInput(CommonMtagsEnrichments.scala:395)
	at scala.meta.internal.metals.Docstrings.indexSymbolDefinition(Docstrings.scala:89)
	at scala.meta.internal.metals.Docstrings.indexSymbol(Docstrings.scala:73)
	at scala.meta.internal.metals.Docstrings.documentation(Docstrings.scala:38)
	at scala.meta.internal.metals.MetalsSymbolSearch.documentation(MetalsSymbolSearch.scala:37)
	at scala.meta.internal.pc.MetalsGlobal.symbolDocumentation(MetalsGlobal.scala:161)
	at scala.meta.internal.pc.CompletionItemResolver.$anonfun$resolve$1(CompletionItemResolver.scala:17)
	at scala.Option.orElse(Option.scala:477)
	at scala.meta.internal.pc.CompletionItemResolver.resolve(CompletionItemResolver.scala:17)
	at scala.meta.internal.pc.ScalaPresentationCompiler.$anonfun$completionItemResolve$1(ScalaPresentationCompiler.scala:216)
	at scala.meta.internal.pc.CompilerAccess.withSharedCompiler(CompilerAccess.scala:137)
	at scala.meta.internal.pc.ScalaPresentationCompiler.completionItemResolve(ScalaPresentationCompiler.scala:215)
	at scala.meta.internal.metals.Compilers.$anonfun$completionItemResolve$2(Compilers.scala:259)
	at scala.Option.map(Option.scala:230)
	at scala.meta.internal.metals.Compilers.$anonfun$completionItemResolve$1(Compilers.scala:258)
	at scala.Option.flatMap(Option.scala:271)
	at scala.meta.internal.metals.Compilers.completionItemResolve(Compilers.scala:257)
	at scala.meta.internal.metals.MetalsLanguageServer.$anonfun$completionItemResolve$1(MetalsLanguageServer.scala:1376)
	at scala.meta.internal.metals.CancelTokens$.future(CancelTokens.scala:38)
	at scala.meta.internal.metals.MetalsLanguageServer.completionItemResolve(MetalsLanguageServer.scala:1374)
	at jdk.internal.reflect.GeneratedMethodAccessor17.invoke(Unknown Source)
	at java.base/jdk.internal.reflect.DelegatingMethodAccessorImpl.invoke(DelegatingMethodAccessorImpl.java:43)
	at java.base/java.lang.reflect.Method.invoke(Method.java:566)
	at org.eclipse.lsp4j.jsonrpc.services.GenericEndpoint.lambda$null$0(GenericEndpoint.java:65)
	at org.eclipse.lsp4j.jsonrpc.services.GenericEndpoint.request(GenericEndpoint.java:120)
	at org.eclipse.lsp4j.jsonrpc.RemoteEndpoint.handleRequest(RemoteEndpoint.java:261)
	at org.eclipse.lsp4j.jsonrpc.RemoteEndpoint.consume(RemoteEndpoint.java:190)
	at org.eclipse.lsp4j.jsonrpc.json.StreamMessageProducer.handleMessage(StreamMessageProducer.java:194)
	at org.eclipse.lsp4j.jsonrpc.json.StreamMessageProducer.listen(StreamMessageProducer.java:94)
	at org.eclipse.lsp4j.jsonrpc.json.ConcurrentMessageProcessor.run(ConcurrentMessageProcessor.java:113)
	at java.base/java.util.concurrent.Executors$RunnableAdapter.call(Executors.java:515)
	at java.base/java.util.concurrent.FutureTask.run(FutureTask.java:264)
	at java.base/java.util.concurrent.ThreadPoolExecutor.runWorker(ThreadPoolExecutor.java:1128)
	at java.base/java.util.concurrent.ThreadPoolExecutor$Worker.run(ThreadPoolExecutor.java:628)
	at java.base/java.lang.Thread.run(Thread.java:834)

[0m2021.01.31 21:00:23 INFO  compiling root (1 scala source)[0m
[0m2021.01.31 21:00:24 INFO  time: compiled root in 1.3s[0m
[0m2021.01.31 21:00:29 INFO  compiling root (1 scala source)[0m
[0m2021.01.31 21:00:30 INFO  time: compiled root in 1.11s[0m
1月 31, 2021 9:00:34 下午 scala.meta.internal.metals.Docstrings indexSymbol
严重: file:///Users/yaoqiang/workspace/se/playground/code/cake-pattern/src/main/scala/example/Sample.scala
java.nio.file.NoSuchFileException: /Users/yaoqiang/workspace/se/playground/code/cake-pattern/src/main/scala/example/Sample.scala
	at java.base/sun.nio.fs.UnixException.translateToIOException(UnixException.java:92)
	at java.base/sun.nio.fs.UnixException.rethrowAsIOException(UnixException.java:111)
	at java.base/sun.nio.fs.UnixException.rethrowAsIOException(UnixException.java:116)
	at java.base/sun.nio.fs.UnixFileSystemProvider.newByteChannel(UnixFileSystemProvider.java:219)
	at java.base/java.nio.file.Files.newByteChannel(Files.java:370)
	at java.base/java.nio.file.Files.newByteChannel(Files.java:421)
	at java.base/java.nio.file.Files.readAllBytes(Files.java:3205)
	at scala.meta.internal.io.PlatformFileIO$.slurp(PlatformFileIO.scala:45)
	at scala.meta.internal.io.FileIO$.slurp(FileIO.scala:24)
	at scala.meta.internal.mtags.CommonMtagsEnrichments$XtensionAbsolutePath.toInput(CommonMtagsEnrichments.scala:395)
	at scala.meta.internal.metals.Docstrings.indexSymbolDefinition(Docstrings.scala:89)
	at scala.meta.internal.metals.Docstrings.indexSymbol(Docstrings.scala:73)
	at scala.meta.internal.metals.Docstrings.documentation(Docstrings.scala:38)
	at scala.meta.internal.metals.MetalsSymbolSearch.documentation(MetalsSymbolSearch.scala:37)
	at scala.meta.internal.pc.MetalsGlobal.symbolDocumentation(MetalsGlobal.scala:161)
	at scala.meta.internal.pc.Signatures$SignaturePrinter.<init>(Signatures.scala:239)
	at scala.meta.internal.pc.HoverProvider.toHover(HoverProvider.scala:199)
	at scala.meta.internal.pc.HoverProvider.hover(HoverProvider.scala:50)
	at scala.meta.internal.pc.ScalaPresentationCompiler.$anonfun$hover$1(ScalaPresentationCompiler.scala:235)
	at scala.meta.internal.pc.CompilerAccess.withSharedCompiler(CompilerAccess.scala:137)
	at scala.meta.internal.pc.CompilerAccess.$anonfun$withNonInterruptableCompiler$1(CompilerAccess.scala:125)
	at scala.meta.internal.pc.CompilerAccess.$anonfun$onCompilerJobQueue$1(CompilerAccess.scala:197)
	at scala.meta.internal.pc.CompilerJobQueue$Job.run(CompilerJobQueue.scala:103)
	at java.base/java.util.concurrent.ThreadPoolExecutor.runWorker(ThreadPoolExecutor.java:1128)
	at java.base/java.util.concurrent.ThreadPoolExecutor$Worker.run(ThreadPoolExecutor.java:628)
	at java.base/java.lang.Thread.run(Thread.java:834)

1月 31, 2021 9:00:44 下午 scala.meta.internal.metals.Docstrings indexSymbol
严重: file:///Users/yaoqiang/workspace/se/playground/code/cake-pattern/src/main/scala/example/Sample.scala
java.nio.file.NoSuchFileException: /Users/yaoqiang/workspace/se/playground/code/cake-pattern/src/main/scala/example/Sample.scala
	at java.base/sun.nio.fs.UnixException.translateToIOException(UnixException.java:92)
	at java.base/sun.nio.fs.UnixException.rethrowAsIOException(UnixException.java:111)
	at java.base/sun.nio.fs.UnixException.rethrowAsIOException(UnixException.java:116)
	at java.base/sun.nio.fs.UnixFileSystemProvider.newByteChannel(UnixFileSystemProvider.java:219)
	at java.base/java.nio.file.Files.newByteChannel(Files.java:370)
	at java.base/java.nio.file.Files.newByteChannel(Files.java:421)
	at java.base/java.nio.file.Files.readAllBytes(Files.java:3205)
	at scala.meta.internal.io.PlatformFileIO$.slurp(PlatformFileIO.scala:45)
	at scala.meta.internal.io.FileIO$.slurp(FileIO.scala:24)
	at scala.meta.internal.mtags.CommonMtagsEnrichments$XtensionAbsolutePath.toInput(CommonMtagsEnrichments.scala:395)
	at scala.meta.internal.metals.Docstrings.indexSymbolDefinition(Docstrings.scala:89)
	at scala.meta.internal.metals.Docstrings.indexSymbol(Docstrings.scala:73)
	at scala.meta.internal.metals.Docstrings.documentation(Docstrings.scala:38)
	at scala.meta.internal.metals.MetalsSymbolSearch.documentation(MetalsSymbolSearch.scala:37)
	at scala.meta.internal.pc.MetalsGlobal.symbolDocumentation(MetalsGlobal.scala:161)
	at scala.meta.internal.pc.CompletionItemResolver.$anonfun$resolve$1(CompletionItemResolver.scala:17)
	at scala.Option.orElse(Option.scala:477)
	at scala.meta.internal.pc.CompletionItemResolver.resolve(CompletionItemResolver.scala:17)
	at scala.meta.internal.pc.ScalaPresentationCompiler.$anonfun$completionItemResolve$1(ScalaPresentationCompiler.scala:216)
	at scala.meta.internal.pc.CompilerAccess.withSharedCompiler(CompilerAccess.scala:137)
	at scala.meta.internal.pc.ScalaPresentationCompiler.completionItemResolve(ScalaPresentationCompiler.scala:215)
	at scala.meta.internal.metals.Compilers.$anonfun$completionItemResolve$2(Compilers.scala:259)
	at scala.Option.map(Option.scala:230)
	at scala.meta.internal.metals.Compilers.$anonfun$completionItemResolve$1(Compilers.scala:258)
	at scala.Option.flatMap(Option.scala:271)
	at scala.meta.internal.metals.Compilers.completionItemResolve(Compilers.scala:257)
	at scala.meta.internal.metals.MetalsLanguageServer.$anonfun$completionItemResolve$1(MetalsLanguageServer.scala:1376)
	at scala.meta.internal.metals.CancelTokens$.future(CancelTokens.scala:38)
	at scala.meta.internal.metals.MetalsLanguageServer.completionItemResolve(MetalsLanguageServer.scala:1374)
	at jdk.internal.reflect.GeneratedMethodAccessor17.invoke(Unknown Source)
	at java.base/jdk.internal.reflect.DelegatingMethodAccessorImpl.invoke(DelegatingMethodAccessorImpl.java:43)
	at java.base/java.lang.reflect.Method.invoke(Method.java:566)
	at org.eclipse.lsp4j.jsonrpc.services.GenericEndpoint.lambda$null$0(GenericEndpoint.java:65)
	at org.eclipse.lsp4j.jsonrpc.services.GenericEndpoint.request(GenericEndpoint.java:120)
	at org.eclipse.lsp4j.jsonrpc.RemoteEndpoint.handleRequest(RemoteEndpoint.java:261)
	at org.eclipse.lsp4j.jsonrpc.RemoteEndpoint.consume(RemoteEndpoint.java:190)
	at org.eclipse.lsp4j.jsonrpc.json.StreamMessageProducer.handleMessage(StreamMessageProducer.java:194)
	at org.eclipse.lsp4j.jsonrpc.json.StreamMessageProducer.listen(StreamMessageProducer.java:94)
	at org.eclipse.lsp4j.jsonrpc.json.ConcurrentMessageProcessor.run(ConcurrentMessageProcessor.java:113)
	at java.base/java.util.concurrent.Executors$RunnableAdapter.call(Executors.java:515)
	at java.base/java.util.concurrent.FutureTask.run(FutureTask.java:264)
	at java.base/java.util.concurrent.ThreadPoolExecutor.runWorker(ThreadPoolExecutor.java:1128)
	at java.base/java.util.concurrent.ThreadPoolExecutor$Worker.run(ThreadPoolExecutor.java:628)
	at java.base/java.lang.Thread.run(Thread.java:834)

[0m2021.01.31 21:00:45 INFO  compiling root (1 scala source)[0m
[0m2021.01.31 21:00:46 INFO  time: compiled root in 1.01s[0m
1月 31, 2021 9:00:46 下午 scala.meta.internal.metals.Docstrings indexSymbol
严重: file:///Users/yaoqiang/workspace/se/playground/code/cake-pattern/src/main/scala/example/Sample.scala
java.nio.file.NoSuchFileException: /Users/yaoqiang/workspace/se/playground/code/cake-pattern/src/main/scala/example/Sample.scala
	at java.base/sun.nio.fs.UnixException.translateToIOException(UnixException.java:92)
	at java.base/sun.nio.fs.UnixException.rethrowAsIOException(UnixException.java:111)
	at java.base/sun.nio.fs.UnixException.rethrowAsIOException(UnixException.java:116)
	at java.base/sun.nio.fs.UnixFileSystemProvider.newByteChannel(UnixFileSystemProvider.java:219)
	at java.base/java.nio.file.Files.newByteChannel(Files.java:370)
	at java.base/java.nio.file.Files.newByteChannel(Files.java:421)
	at java.base/java.nio.file.Files.readAllBytes(Files.java:3205)
	at scala.meta.internal.io.PlatformFileIO$.slurp(PlatformFileIO.scala:45)
	at scala.meta.internal.io.FileIO$.slurp(FileIO.scala:24)
	at scala.meta.internal.mtags.CommonMtagsEnrichments$XtensionAbsolutePath.toInput(CommonMtagsEnrichments.scala:395)
	at scala.meta.internal.metals.Docstrings.indexSymbolDefinition(Docstrings.scala:89)
	at scala.meta.internal.metals.Docstrings.indexSymbol(Docstrings.scala:73)
	at scala.meta.internal.metals.Docstrings.documentation(Docstrings.scala:38)
	at scala.meta.internal.metals.MetalsSymbolSearch.documentation(MetalsSymbolSearch.scala:37)
	at scala.meta.internal.pc.MetalsGlobal.symbolDocumentation(MetalsGlobal.scala:161)
	at scala.meta.internal.pc.CompletionItemResolver.resolve(CompletionItemResolver.scala:16)
	at scala.meta.internal.pc.ScalaPresentationCompiler.$anonfun$completionItemResolve$1(ScalaPresentationCompiler.scala:216)
	at scala.meta.internal.pc.CompilerAccess.withSharedCompiler(CompilerAccess.scala:137)
	at scala.meta.internal.pc.ScalaPresentationCompiler.completionItemResolve(ScalaPresentationCompiler.scala:215)
	at scala.meta.internal.metals.Compilers.$anonfun$completionItemResolve$2(Compilers.scala:259)
	at scala.Option.map(Option.scala:230)
	at scala.meta.internal.metals.Compilers.$anonfun$completionItemResolve$1(Compilers.scala:258)
	at scala.Option.flatMap(Option.scala:271)
	at scala.meta.internal.metals.Compilers.completionItemResolve(Compilers.scala:257)
	at scala.meta.internal.metals.MetalsLanguageServer.$anonfun$completionItemResolve$1(MetalsLanguageServer.scala:1376)
	at scala.meta.internal.metals.CancelTokens$.future(CancelTokens.scala:38)
	at scala.meta.internal.metals.MetalsLanguageServer.completionItemResolve(MetalsLanguageServer.scala:1374)
	at jdk.internal.reflect.GeneratedMethodAccessor17.invoke(Unknown Source)
	at java.base/jdk.internal.reflect.DelegatingMethodAccessorImpl.invoke(DelegatingMethodAccessorImpl.java:43)
	at java.base/java.lang.reflect.Method.invoke(Method.java:566)
	at org.eclipse.lsp4j.jsonrpc.services.GenericEndpoint.lambda$null$0(GenericEndpoint.java:65)
	at org.eclipse.lsp4j.jsonrpc.services.GenericEndpoint.request(GenericEndpoint.java:120)
	at org.eclipse.lsp4j.jsonrpc.RemoteEndpoint.handleRequest(RemoteEndpoint.java:261)
	at org.eclipse.lsp4j.jsonrpc.RemoteEndpoint.consume(RemoteEndpoint.java:190)
	at org.eclipse.lsp4j.jsonrpc.json.StreamMessageProducer.handleMessage(StreamMessageProducer.java:194)
	at org.eclipse.lsp4j.jsonrpc.json.StreamMessageProducer.listen(StreamMessageProducer.java:94)
	at org.eclipse.lsp4j.jsonrpc.json.ConcurrentMessageProcessor.run(ConcurrentMessageProcessor.java:113)
	at java.base/java.util.concurrent.Executors$RunnableAdapter.call(Executors.java:515)
	at java.base/java.util.concurrent.FutureTask.run(FutureTask.java:264)
	at java.base/java.util.concurrent.ThreadPoolExecutor.runWorker(ThreadPoolExecutor.java:1128)
	at java.base/java.util.concurrent.ThreadPoolExecutor$Worker.run(ThreadPoolExecutor.java:628)
	at java.base/java.lang.Thread.run(Thread.java:834)

[0m2021.01.31 21:00:49 INFO  compiling root (1 scala source)[0m
[0m2021.01.31 21:00:50 INFO  time: compiled root in 1.36s[0m
[0m2021.01.31 21:00:52 INFO  compiling root (1 scala source)[0m
[0m2021.01.31 21:00:53 INFO  time: compiled root in 1.33s[0m
1月 31, 2021 9:02:29 下午 scala.meta.internal.metals.Docstrings indexSymbol
严重: file:///Users/yaoqiang/workspace/se/playground/code/cake-pattern/src/main/scala/example/Sample.scala
java.nio.file.NoSuchFileException: /Users/yaoqiang/workspace/se/playground/code/cake-pattern/src/main/scala/example/Sample.scala
	at java.base/sun.nio.fs.UnixException.translateToIOException(UnixException.java:92)
	at java.base/sun.nio.fs.UnixException.rethrowAsIOException(UnixException.java:111)
	at java.base/sun.nio.fs.UnixException.rethrowAsIOException(UnixException.java:116)
	at java.base/sun.nio.fs.UnixFileSystemProvider.newByteChannel(UnixFileSystemProvider.java:219)
	at java.base/java.nio.file.Files.newByteChannel(Files.java:370)
	at java.base/java.nio.file.Files.newByteChannel(Files.java:421)
	at java.base/java.nio.file.Files.readAllBytes(Files.java:3205)
	at scala.meta.internal.io.PlatformFileIO$.slurp(PlatformFileIO.scala:45)
	at scala.meta.internal.io.FileIO$.slurp(FileIO.scala:24)
	at scala.meta.internal.mtags.CommonMtagsEnrichments$XtensionAbsolutePath.toInput(CommonMtagsEnrichments.scala:395)
	at scala.meta.internal.metals.Docstrings.indexSymbolDefinition(Docstrings.scala:89)
	at scala.meta.internal.metals.Docstrings.indexSymbol(Docstrings.scala:73)
	at scala.meta.internal.metals.Docstrings.documentation(Docstrings.scala:38)
	at scala.meta.internal.metals.MetalsSymbolSearch.documentation(MetalsSymbolSearch.scala:37)
	at scala.meta.internal.pc.MetalsGlobal.symbolDocumentation(MetalsGlobal.scala:161)
	at scala.meta.internal.pc.CompletionItemResolver.$anonfun$resolve$1(CompletionItemResolver.scala:17)
	at scala.Option.orElse(Option.scala:477)
	at scala.meta.internal.pc.CompletionItemResolver.resolve(CompletionItemResolver.scala:17)
	at scala.meta.internal.pc.ScalaPresentationCompiler.$anonfun$completionItemResolve$1(ScalaPresentationCompiler.scala:216)
	at scala.meta.internal.pc.CompilerAccess.withSharedCompiler(CompilerAccess.scala:137)
	at scala.meta.internal.pc.ScalaPresentationCompiler.completionItemResolve(ScalaPresentationCompiler.scala:215)
	at scala.meta.internal.metals.Compilers.$anonfun$completionItemResolve$2(Compilers.scala:259)
	at scala.Option.map(Option.scala:230)
	at scala.meta.internal.metals.Compilers.$anonfun$completionItemResolve$1(Compilers.scala:258)
	at scala.Option.flatMap(Option.scala:271)
	at scala.meta.internal.metals.Compilers.completionItemResolve(Compilers.scala:257)
	at scala.meta.internal.metals.MetalsLanguageServer.$anonfun$completionItemResolve$1(MetalsLanguageServer.scala:1376)
	at scala.meta.internal.metals.CancelTokens$.future(CancelTokens.scala:38)
	at scala.meta.internal.metals.MetalsLanguageServer.completionItemResolve(MetalsLanguageServer.scala:1374)
	at jdk.internal.reflect.GeneratedMethodAccessor17.invoke(Unknown Source)
	at java.base/jdk.internal.reflect.DelegatingMethodAccessorImpl.invoke(DelegatingMethodAccessorImpl.java:43)
	at java.base/java.lang.reflect.Method.invoke(Method.java:566)
	at org.eclipse.lsp4j.jsonrpc.services.GenericEndpoint.lambda$null$0(GenericEndpoint.java:65)
	at org.eclipse.lsp4j.jsonrpc.services.GenericEndpoint.request(GenericEndpoint.java:120)
	at org.eclipse.lsp4j.jsonrpc.RemoteEndpoint.handleRequest(RemoteEndpoint.java:261)
	at org.eclipse.lsp4j.jsonrpc.RemoteEndpoint.consume(RemoteEndpoint.java:190)
	at org.eclipse.lsp4j.jsonrpc.json.StreamMessageProducer.handleMessage(StreamMessageProducer.java:194)
	at org.eclipse.lsp4j.jsonrpc.json.StreamMessageProducer.listen(StreamMessageProducer.java:94)
	at org.eclipse.lsp4j.jsonrpc.json.ConcurrentMessageProcessor.run(ConcurrentMessageProcessor.java:113)
	at java.base/java.util.concurrent.Executors$RunnableAdapter.call(Executors.java:515)
	at java.base/java.util.concurrent.FutureTask.run(FutureTask.java:264)
	at java.base/java.util.concurrent.ThreadPoolExecutor.runWorker(ThreadPoolExecutor.java:1128)
	at java.base/java.util.concurrent.ThreadPoolExecutor$Worker.run(ThreadPoolExecutor.java:628)
	at java.base/java.lang.Thread.run(Thread.java:834)

1月 31, 2021 9:02:30 下午 scala.meta.internal.metals.Docstrings indexSymbol
严重: file:///Users/yaoqiang/workspace/se/playground/code/cake-pattern/src/main/scala/example/Sample.scala
java.nio.file.NoSuchFileException: /Users/yaoqiang/workspace/se/playground/code/cake-pattern/src/main/scala/example/Sample.scala
	at java.base/sun.nio.fs.UnixException.translateToIOException(UnixException.java:92)
	at java.base/sun.nio.fs.UnixException.rethrowAsIOException(UnixException.java:111)
	at java.base/sun.nio.fs.UnixException.rethrowAsIOException(UnixException.java:116)
	at java.base/sun.nio.fs.UnixFileSystemProvider.newByteChannel(UnixFileSystemProvider.java:219)
	at java.base/java.nio.file.Files.newByteChannel(Files.java:370)
	at java.base/java.nio.file.Files.newByteChannel(Files.java:421)
	at java.base/java.nio.file.Files.readAllBytes(Files.java:3205)
	at scala.meta.internal.io.PlatformFileIO$.slurp(PlatformFileIO.scala:45)
	at scala.meta.internal.io.FileIO$.slurp(FileIO.scala:24)
	at scala.meta.internal.mtags.CommonMtagsEnrichments$XtensionAbsolutePath.toInput(CommonMtagsEnrichments.scala:395)
	at scala.meta.internal.metals.Docstrings.indexSymbolDefinition(Docstrings.scala:89)
	at scala.meta.internal.metals.Docstrings.indexSymbol(Docstrings.scala:73)
	at scala.meta.internal.metals.Docstrings.documentation(Docstrings.scala:38)
	at scala.meta.internal.metals.MetalsSymbolSearch.documentation(MetalsSymbolSearch.scala:37)
	at scala.meta.internal.pc.MetalsGlobal.symbolDocumentation(MetalsGlobal.scala:161)
	at scala.meta.internal.pc.CompletionItemResolver.$anonfun$resolve$1(CompletionItemResolver.scala:17)
	at scala.Option.orElse(Option.scala:477)
	at scala.meta.internal.pc.CompletionItemResolver.resolve(CompletionItemResolver.scala:17)
	at scala.meta.internal.pc.ScalaPresentationCompiler.$anonfun$completionItemResolve$1(ScalaPresentationCompiler.scala:216)
	at scala.meta.internal.pc.CompilerAccess.withSharedCompiler(CompilerAccess.scala:137)
	at scala.meta.internal.pc.ScalaPresentationCompiler.completionItemResolve(ScalaPresentationCompiler.scala:215)
	at scala.meta.internal.metals.Compilers.$anonfun$completionItemResolve$2(Compilers.scala:259)
	at scala.Option.map(Option.scala:230)
	at scala.meta.internal.metals.Compilers.$anonfun$completionItemResolve$1(Compilers.scala:258)
	at scala.Option.flatMap(Option.scala:271)
	at scala.meta.internal.metals.Compilers.completionItemResolve(Compilers.scala:257)
	at scala.meta.internal.metals.MetalsLanguageServer.$anonfun$completionItemResolve$1(MetalsLanguageServer.scala:1376)
	at scala.meta.internal.metals.CancelTokens$.future(CancelTokens.scala:38)
	at scala.meta.internal.metals.MetalsLanguageServer.completionItemResolve(MetalsLanguageServer.scala:1374)
	at jdk.internal.reflect.GeneratedMethodAccessor17.invoke(Unknown Source)
	at java.base/jdk.internal.reflect.DelegatingMethodAccessorImpl.invoke(DelegatingMethodAccessorImpl.java:43)
	at java.base/java.lang.reflect.Method.invoke(Method.java:566)
	at org.eclipse.lsp4j.jsonrpc.services.GenericEndpoint.lambda$null$0(GenericEndpoint.java:65)
	at org.eclipse.lsp4j.jsonrpc.services.GenericEndpoint.request(GenericEndpoint.java:120)
	at org.eclipse.lsp4j.jsonrpc.RemoteEndpoint.handleRequest(RemoteEndpoint.java:261)
	at org.eclipse.lsp4j.jsonrpc.RemoteEndpoint.consume(RemoteEndpoint.java:190)
	at org.eclipse.lsp4j.jsonrpc.json.StreamMessageProducer.handleMessage(StreamMessageProducer.java:194)
	at org.eclipse.lsp4j.jsonrpc.json.StreamMessageProducer.listen(StreamMessageProducer.java:94)
	at org.eclipse.lsp4j.jsonrpc.json.ConcurrentMessageProcessor.run(ConcurrentMessageProcessor.java:113)
	at java.base/java.util.concurrent.Executors$RunnableAdapter.call(Executors.java:515)
	at java.base/java.util.concurrent.FutureTask.run(FutureTask.java:264)
	at java.base/java.util.concurrent.ThreadPoolExecutor.runWorker(ThreadPoolExecutor.java:1128)
	at java.base/java.util.concurrent.ThreadPoolExecutor$Worker.run(ThreadPoolExecutor.java:628)
	at java.base/java.lang.Thread.run(Thread.java:834)

[0m2021.01.31 21:02:31 INFO  compiling root (1 scala source)[0m
[0m2021.01.31 21:02:32 INFO  time: compiled root in 1.26s[0m
1月 31, 2021 9:02:43 下午 scala.meta.internal.metals.Docstrings indexSymbol
严重: file:///Users/yaoqiang/workspace/se/playground/code/cake-pattern/src/main/scala/example/Sample.scala
java.nio.file.NoSuchFileException: /Users/yaoqiang/workspace/se/playground/code/cake-pattern/src/main/scala/example/Sample.scala
	at java.base/sun.nio.fs.UnixException.translateToIOException(UnixException.java:92)
	at java.base/sun.nio.fs.UnixException.rethrowAsIOException(UnixException.java:111)
	at java.base/sun.nio.fs.UnixException.rethrowAsIOException(UnixException.java:116)
	at java.base/sun.nio.fs.UnixFileSystemProvider.newByteChannel(UnixFileSystemProvider.java:219)
	at java.base/java.nio.file.Files.newByteChannel(Files.java:370)
	at java.base/java.nio.file.Files.newByteChannel(Files.java:421)
	at java.base/java.nio.file.Files.readAllBytes(Files.java:3205)
	at scala.meta.internal.io.PlatformFileIO$.slurp(PlatformFileIO.scala:45)
	at scala.meta.internal.io.FileIO$.slurp(FileIO.scala:24)
	at scala.meta.internal.mtags.CommonMtagsEnrichments$XtensionAbsolutePath.toInput(CommonMtagsEnrichments.scala:395)
	at scala.meta.internal.metals.Docstrings.indexSymbolDefinition(Docstrings.scala:89)
	at scala.meta.internal.metals.Docstrings.indexSymbol(Docstrings.scala:73)
	at scala.meta.internal.metals.Docstrings.documentation(Docstrings.scala:38)
	at scala.meta.internal.metals.MetalsSymbolSearch.documentation(MetalsSymbolSearch.scala:37)
	at scala.meta.internal.pc.MetalsGlobal.symbolDocumentation(MetalsGlobal.scala:161)
	at scala.meta.internal.pc.CompletionItemResolver.$anonfun$resolve$1(CompletionItemResolver.scala:17)
	at scala.Option.orElse(Option.scala:477)
	at scala.meta.internal.pc.CompletionItemResolver.resolve(CompletionItemResolver.scala:17)
	at scala.meta.internal.pc.ScalaPresentationCompiler.$anonfun$completionItemResolve$1(ScalaPresentationCompiler.scala:216)
	at scala.meta.internal.pc.CompilerAccess.withSharedCompiler(CompilerAccess.scala:137)
	at scala.meta.internal.pc.ScalaPresentationCompiler.completionItemResolve(ScalaPresentationCompiler.scala:215)
	at scala.meta.internal.metals.Compilers.$anonfun$completionItemResolve$2(Compilers.scala:259)
	at scala.Option.map(Option.scala:230)
	at scala.meta.internal.metals.Compilers.$anonfun$completionItemResolve$1(Compilers.scala:258)
	at scala.Option.flatMap(Option.scala:271)
	at scala.meta.internal.metals.Compilers.completionItemResolve(Compilers.scala:257)
	at scala.meta.internal.metals.MetalsLanguageServer.$anonfun$completionItemResolve$1(MetalsLanguageServer.scala:1376)
	at scala.meta.internal.metals.CancelTokens$.future(CancelTokens.scala:38)
	at scala.meta.internal.metals.MetalsLanguageServer.completionItemResolve(MetalsLanguageServer.scala:1374)
	at jdk.internal.reflect.GeneratedMethodAccessor17.invoke(Unknown Source)
	at java.base/jdk.internal.reflect.DelegatingMethodAccessorImpl.invoke(DelegatingMethodAccessorImpl.java:43)
	at java.base/java.lang.reflect.Method.invoke(Method.java:566)
	at org.eclipse.lsp4j.jsonrpc.services.GenericEndpoint.lambda$null$0(GenericEndpoint.java:65)
	at org.eclipse.lsp4j.jsonrpc.services.GenericEndpoint.request(GenericEndpoint.java:120)
	at org.eclipse.lsp4j.jsonrpc.RemoteEndpoint.handleRequest(RemoteEndpoint.java:261)
	at org.eclipse.lsp4j.jsonrpc.RemoteEndpoint.consume(RemoteEndpoint.java:190)
	at org.eclipse.lsp4j.jsonrpc.json.StreamMessageProducer.handleMessage(StreamMessageProducer.java:194)
	at org.eclipse.lsp4j.jsonrpc.json.StreamMessageProducer.listen(StreamMessageProducer.java:94)
	at org.eclipse.lsp4j.jsonrpc.json.ConcurrentMessageProcessor.run(ConcurrentMessageProcessor.java:113)
	at java.base/java.util.concurrent.Executors$RunnableAdapter.call(Executors.java:515)
	at java.base/java.util.concurrent.FutureTask.run(FutureTask.java:264)
	at java.base/java.util.concurrent.ThreadPoolExecutor.runWorker(ThreadPoolExecutor.java:1128)
	at java.base/java.util.concurrent.ThreadPoolExecutor$Worker.run(ThreadPoolExecutor.java:628)
	at java.base/java.lang.Thread.run(Thread.java:834)

[0m2021.01.31 21:02:51 INFO  compiling root (1 scala source)[0m
[0m2021.01.31 21:02:51 INFO  time: compiled root in 0.13s[0m
[0m2021.01.31 21:02:55 INFO  compiling root (1 scala source)[0m
[0m2021.01.31 21:02:55 INFO  time: compiled root in 0.16s[0m
[0m2021.01.31 21:03:01 INFO  compiling root (1 scala source)[0m
[0m2021.01.31 21:03:01 INFO  time: compiled root in 98ms[0m
[0m2021.01.31 21:03:06 INFO  compiling root (1 scala source)[0m
[0m2021.01.31 21:03:06 INFO  time: compiled root in 0.11s[0m
[0m2021.01.31 21:03:13 INFO  compiling root (1 scala source)[0m
[0m2021.01.31 21:03:13 INFO  time: compiled root in 79ms[0m
[0m2021.01.31 21:03:17 INFO  compiling root (1 scala source)[0m
[0m2021.01.31 21:03:19 INFO  time: compiled root in 1.57s[0m
[0m2021.01.31 21:03:20 INFO  compiling root (1 scala source)[0m
[0m2021.01.31 21:03:22 INFO  time: compiled root in 1.78s[0m
[0m2021.01.31 21:04:32 INFO  compiling root (1 scala source)[0m
[0m2021.01.31 21:04:32 INFO  time: compiled root in 0.81s[0m
1月 31, 2021 9:04:41 下午 org.eclipse.lsp4j.jsonrpc.RemoteEndpoint handleCancellation
警告: Unmatched cancel notification for request id 1836
[0m2021.01.31 21:04:45 INFO  compiling root (1 scala source)[0m
[0m2021.01.31 21:04:45 INFO  time: compiled root in 0.91s[0m
[0m2021.01.31 21:04:53 INFO  compiling root (1 scala source)[0m
[0m2021.01.31 21:04:54 INFO  time: compiled root in 1.05s[0m
[0m2021.01.31 21:08:26 INFO  compiling root (1 scala source)[0m
[0m2021.01.31 21:08:27 INFO  time: compiled root in 1s[0m
[0m2021.01.31 21:11:58 INFO  compiling root (1 scala source)[0m
[0m2021.01.31 21:11:59 INFO  time: compiled root in 1.62s[0m
[0m2021.01.31 21:13:27 INFO  compiling root (1 scala source)[0m
[0m2021.01.31 21:13:28 INFO  time: compiled root in 1.56s[0m
[0m2021.01.31 21:13:28 INFO  compiling root (1 scala source)[0m
[0m2021.01.31 21:13:28 INFO  time: compiled root in 0.43s[0m
[0m2021.01.31 21:15:24 INFO  compiling root (1 scala source)[0m
[0m2021.01.31 21:15:27 INFO  time: compiled root in 2.97s[0m
1月 31, 2021 9:15:38 下午 scala.meta.internal.pc.completions.Completions completionPosition
严重: null
java.lang.NullPointerException
	at scala.meta.internal.pc.completions.OverrideCompletions$OverrideCompletion.<init>(OverrideCompletions.scala:46)
	at scala.meta.internal.pc.completions.Completions.completionPositionUnsafe(Completions.scala:500)
	at scala.meta.internal.pc.completions.Completions.completionPositionUnsafe$(Completions.scala:409)
	at scala.meta.internal.pc.MetalsGlobal.completionPositionUnsafe(MetalsGlobal.scala:29)
	at scala.meta.internal.pc.completions.Completions.completionPosition(Completions.scala:401)
	at scala.meta.internal.pc.completions.Completions.completionPosition$(Completions.scala:386)
	at scala.meta.internal.pc.MetalsGlobal.completionPosition(MetalsGlobal.scala:29)
	at scala.meta.internal.pc.CompletionProvider.safeCompletionsAt(CompletionProvider.scala:446)
	at scala.meta.internal.pc.CompletionProvider.completions(CompletionProvider.scala:57)
	at scala.meta.internal.pc.ScalaPresentationCompiler.$anonfun$complete$1(ScalaPresentationCompiler.scala:184)
	at scala.meta.internal.pc.CompilerAccess.withSharedCompiler(CompilerAccess.scala:137)
	at scala.meta.internal.pc.CompilerAccess.$anonfun$withInterruptableCompiler$1(CompilerAccess.scala:87)
	at scala.meta.internal.pc.CompilerAccess.$anonfun$onCompilerJobQueue$1(CompilerAccess.scala:197)
	at scala.meta.internal.pc.CompilerJobQueue$Job.run(CompilerJobQueue.scala:103)
	at java.base/java.util.concurrent.ThreadPoolExecutor.runWorker(ThreadPoolExecutor.java:1128)
	at java.base/java.util.concurrent.ThreadPoolExecutor$Worker.run(ThreadPoolExecutor.java:628)
	at java.base/java.lang.Thread.run(Thread.java:834)

1月 31, 2021 9:15:38 下午 scala.meta.internal.pc.completions.Completions completionPosition
严重: null
java.lang.NullPointerException
	at scala.meta.internal.pc.completions.OverrideCompletions$OverrideCompletion.<init>(OverrideCompletions.scala:46)
	at scala.meta.internal.pc.completions.Completions.completionPositionUnsafe(Completions.scala:500)
	at scala.meta.internal.pc.completions.Completions.completionPositionUnsafe$(Completions.scala:409)
	at scala.meta.internal.pc.MetalsGlobal.completionPositionUnsafe(MetalsGlobal.scala:29)
	at scala.meta.internal.pc.completions.Completions.completionPosition(Completions.scala:401)
	at scala.meta.internal.pc.completions.Completions.completionPosition$(Completions.scala:386)
	at scala.meta.internal.pc.MetalsGlobal.completionPosition(MetalsGlobal.scala:29)
	at scala.meta.internal.pc.CompletionProvider.safeCompletionsAt(CompletionProvider.scala:446)
	at scala.meta.internal.pc.CompletionProvider.completions(CompletionProvider.scala:57)
	at scala.meta.internal.pc.ScalaPresentationCompiler.$anonfun$complete$1(ScalaPresentationCompiler.scala:184)
	at scala.meta.internal.pc.CompilerAccess.withSharedCompiler(CompilerAccess.scala:137)
	at scala.meta.internal.pc.CompilerAccess.$anonfun$withInterruptableCompiler$1(CompilerAccess.scala:87)
	at scala.meta.internal.pc.CompilerAccess.$anonfun$onCompilerJobQueue$1(CompilerAccess.scala:197)
	at scala.meta.internal.pc.CompilerJobQueue$Job.run(CompilerJobQueue.scala:103)
	at java.base/java.util.concurrent.ThreadPoolExecutor.runWorker(ThreadPoolExecutor.java:1128)
	at java.base/java.util.concurrent.ThreadPoolExecutor$Worker.run(ThreadPoolExecutor.java:628)
	at java.base/java.lang.Thread.run(Thread.java:834)

1月 31, 2021 9:15:38 下午 scala.meta.internal.pc.completions.Completions completionPosition
严重: null
java.lang.NullPointerException
	at scala.meta.internal.pc.completions.OverrideCompletions$OverrideCompletion.<init>(OverrideCompletions.scala:46)
	at scala.meta.internal.pc.completions.Completions.completionPositionUnsafe(Completions.scala:500)
	at scala.meta.internal.pc.completions.Completions.completionPositionUnsafe$(Completions.scala:409)
	at scala.meta.internal.pc.MetalsGlobal.completionPositionUnsafe(MetalsGlobal.scala:29)
	at scala.meta.internal.pc.completions.Completions.completionPosition(Completions.scala:401)
	at scala.meta.internal.pc.completions.Completions.completionPosition$(Completions.scala:386)
	at scala.meta.internal.pc.MetalsGlobal.completionPosition(MetalsGlobal.scala:29)
	at scala.meta.internal.pc.CompletionProvider.safeCompletionsAt(CompletionProvider.scala:446)
	at scala.meta.internal.pc.CompletionProvider.completions(CompletionProvider.scala:57)
	at scala.meta.internal.pc.ScalaPresentationCompiler.$anonfun$complete$1(ScalaPresentationCompiler.scala:184)
	at scala.meta.internal.pc.CompilerAccess.withSharedCompiler(CompilerAccess.scala:137)
	at scala.meta.internal.pc.CompilerAccess.$anonfun$withInterruptableCompiler$1(CompilerAccess.scala:87)
	at scala.meta.internal.pc.CompilerAccess.$anonfun$onCompilerJobQueue$1(CompilerAccess.scala:197)
	at scala.meta.internal.pc.CompilerJobQueue$Job.run(CompilerJobQueue.scala:103)
	at java.base/java.util.concurrent.ThreadPoolExecutor.runWorker(ThreadPoolExecutor.java:1128)
	at java.base/java.util.concurrent.ThreadPoolExecutor$Worker.run(ThreadPoolExecutor.java:628)
	at java.base/java.lang.Thread.run(Thread.java:834)

[0m2021.01.31 21:15:39 INFO  compiling root (1 scala source)[0m
[0m2021.01.31 21:15:39 INFO  time: compiled root in 0.12s[0m
[0m2021.01.31 21:15:49 INFO  compiling root (1 scala source)[0m
[0m2021.01.31 21:15:49 INFO  time: compiled root in 0.11s[0m
